{
  "uid" : "4b4757e66a1912dae1a509f688f20b0f",
  "name" : "categories",
  "children" : [ {
    "name" : "Test defects",
    "children" : [ {
      "name" : "Timeout of 60000ms exceeded. For async tests and hooks, ensure \"done()\" is called; if returning a Promise, ensure it resolves. (C:\\Users\\UC227138\\Desktop\\DI_Protractor\\DI_Git\\13_NOV\\diprotractor-master@2ef453ad8b9\\dist\\test\\diGeneral\\TI-34653.js)",
      "children" : [ {
        "name" : "TI - 34653 -- Validating Sorting Ascending Field column for standard fields tab",
        "uid" : "984411e87dba5049",
        "parentUid" : "566210b10e8a7f492a1d35a18571842f",
        "status" : "broken",
        "time" : {
          "start" : 1573816368141,
          "stop" : 1573816430729,
          "duration" : 62588
        },
        "flaky" : false,
        "newFailed" : false,
        "parameters" : [ ]
      } ],
      "uid" : "566210b10e8a7f492a1d35a18571842f"
    }, {
      "name" : "Timeout of 60000ms exceeded. For async tests and hooks, ensure \"done()\" is called; if returning a Promise, ensure it resolves. (C:\\Users\\UC227138\\Desktop\\DI_Protractor\\DI_Git\\13_NOV\\diprotractor-master@2ef453ad8b9\\dist\\test\\diGeneral\\TI-36233.js)",
      "children" : [ {
        "name" : "\"before all\" hook: ret",
        "uid" : "dcac409abce017f4",
        "parentUid" : "7e683be7ce0e95e5703bc8b4b79edda6",
        "status" : "broken",
        "time" : {
          "start" : 1573816490727,
          "stop" : 1573816550721,
          "duration" : 59994
        },
        "flaky" : false,
        "newFailed" : false,
        "parameters" : [ ]
      } ],
      "uid" : "7e683be7ce0e95e5703bc8b4b79edda6"
    }, {
      "name" : "The \"url\" argument must be of type string. Received type undefined",
      "children" : [ {
        "name" : "Validate footer for analyst Data",
        "uid" : "7a22b455fb504b41",
        "parentUid" : "1c1bdbd5871586ddb2ac66f5014ecf79",
        "status" : "broken",
        "time" : {
          "start" : 1573816665507,
          "stop" : 1573816665559,
          "duration" : 52
        },
        "flaky" : false,
        "newFailed" : false,
        "parameters" : [ ]
      } ],
      "uid" : "1c1bdbd5871586ddb2ac66f5014ecf79"
    }, {
      "name" : "Timeout of 60000ms exceeded. For async tests and hooks, ensure \"done()\" is called; if returning a Promise, ensure it resolves. (C:\\Users\\UC227138\\Desktop\\DI_Protractor\\DI_Git\\13_NOV\\diprotractor-master@2ef453ad8b9\\dist\\test\\diHome\\TI-31490.js)",
      "children" : [ {
        "name" : "TI-31490 :: Home page: Derwent Innovation link for ANALYST user",
        "uid" : "899ecf2feb4a3cba",
        "parentUid" : "21ac7463ac072fe2b7941f4cba5b6e54",
        "status" : "broken",
        "time" : {
          "start" : 1573817054116,
          "stop" : 1573817114115,
          "duration" : 59999
        },
        "flaky" : false,
        "newFailed" : false,
        "parameters" : [ ]
      }, {
        "name" : "TI-31490 :: Home page: Derwent Innovation link for EXPRESS user",
        "uid" : "690aaa96665068b4",
        "parentUid" : "21ac7463ac072fe2b7941f4cba5b6e54",
        "status" : "broken",
        "time" : {
          "start" : 1573817114115,
          "stop" : 1573817174114,
          "duration" : 59999
        },
        "flaky" : false,
        "newFailed" : false,
        "parameters" : [ ]
      } ],
      "uid" : "21ac7463ac072fe2b7941f4cba5b6e54"
    }, {
      "name" : "Timeout of 60000ms exceeded. For async tests and hooks, ensure \"done()\" is called; if returning a Promise, ensure it resolves. (C:\\Users\\UC227138\\Desktop\\DI_Protractor\\DI_Git\\13_NOV\\diprotractor-master@2ef453ad8b9\\dist\\test\\diHome\\TI-35661.js)",
      "children" : [ {
        "name" : "\"before all\" hook: ret",
        "uid" : "7b4cbedc150d46e0",
        "parentUid" : "608f8f6585aa33515f58f2ca48b1c519",
        "status" : "broken",
        "time" : {
          "start" : 1573817178761,
          "stop" : 1573817238761,
          "duration" : 60000
        },
        "flaky" : false,
        "newFailed" : false,
        "parameters" : [ ]
      } ],
      "uid" : "608f8f6585aa33515f58f2ca48b1c519"
    }, {
      "name" : "Timeout of 60000ms exceeded. For async tests and hooks, ensure \"done()\" is called; if returning a Promise, ensure it resolves. (C:\\Users\\UC227138\\Desktop\\DI_Protractor\\DI_Git\\13_NOV\\diprotractor-master@2ef453ad8b9\\dist\\test\\diSearchAndBrowse\\TI-27993.js)",
      "children" : [ {
        "name" : "TI-27993 --- Validating More than 30K characters error message",
        "uid" : "868780ea37447693",
        "parentUid" : "0e8664ad3eec6517af2e0f7d67392c24",
        "status" : "broken",
        "time" : {
          "start" : 1573817548819,
          "stop" : 1573817668817,
          "duration" : 119998
        },
        "flaky" : false,
        "newFailed" : false,
        "parameters" : [ ]
      } ],
      "uid" : "0e8664ad3eec6517af2e0f7d67392c24"
    }, {
      "name" : "Timeout of 60000ms exceeded. For async tests and hooks, ensure \"done()\" is called; if returning a Promise, ensure it resolves. (C:\\Users\\UC227138\\Desktop\\DI_Protractor\\DI_Git\\13_NOV\\diprotractor-master@2ef453ad8b9\\dist\\test\\diSearchAndBrowse\\TI-28114.js)",
      "children" : [ {
        "name" : "\"before all\" hook: ret",
        "uid" : "e0418a5540945c15",
        "parentUid" : "f944dbbe55530d21ac87d4438b4fda50",
        "status" : "broken",
        "time" : {
          "start" : 1573817728824,
          "stop" : 1573817788822,
          "duration" : 59998
        },
        "flaky" : false,
        "newFailed" : false,
        "parameters" : [ ]
      } ],
      "uid" : "f944dbbe55530d21ac87d4438b4fda50"
    }, {
      "name" : "Timeout of 60000ms exceeded. For async tests and hooks, ensure \"done()\" is called; if returning a Promise, ensure it resolves. (C:\\Users\\UC227138\\Desktop\\DI_Protractor\\DI_Git\\13_NOV\\diprotractor-master@2ef453ad8b9\\dist\\test\\diSearchAndBrowse\\TI-28142.js)",
      "children" : [ {
        "name" : "\"before all\" hook: ret",
        "uid" : "8e47258476064fc2",
        "parentUid" : "6d96d484ea96fa951c295a86b31fda6c",
        "status" : "broken",
        "time" : {
          "start" : 1573817848827,
          "stop" : 1573817908826,
          "duration" : 59999
        },
        "flaky" : false,
        "newFailed" : false,
        "parameters" : [ ]
      } ],
      "uid" : "6d96d484ea96fa951c295a86b31fda6c"
    }, {
      "name" : "Timeout of 60000ms exceeded. For async tests and hooks, ensure \"done()\" is called; if returning a Promise, ensure it resolves. (C:\\Users\\UC227138\\Desktop\\DI_Protractor\\DI_Git\\13_NOV\\diprotractor-master@2ef453ad8b9\\dist\\test\\diSearchAndBrowse\\TI-28253.js)",
      "children" : [ {
        "name" : "\"before all\" hook: ret",
        "uid" : "cab7f62492f57922",
        "parentUid" : "332efcada4bcd2505455eaa6975b497b",
        "status" : "broken",
        "time" : {
          "start" : 1573817968831,
          "stop" : 1573818028831,
          "duration" : 60000
        },
        "flaky" : false,
        "newFailed" : false,
        "parameters" : [ ]
      } ],
      "uid" : "332efcada4bcd2505455eaa6975b497b"
    }, {
      "name" : "Timeout of 60000ms exceeded. For async tests and hooks, ensure \"done()\" is called; if returning a Promise, ensure it resolves. (C:\\Users\\UC227138\\Desktop\\DI_Protractor\\DI_Git\\13_NOV\\diprotractor-master@2ef453ad8b9\\dist\\test\\diSearchAndBrowse\\TI-30288.js)",
      "children" : [ {
        "name" : "\"before all\" hook: ret",
        "uid" : "1e8f5da945b4b417",
        "parentUid" : "92de61e3a5df70c68f0b7c3fa0259f6a",
        "status" : "broken",
        "time" : {
          "start" : 1573818088836,
          "stop" : 1573818174519,
          "duration" : 85683
        },
        "flaky" : false,
        "newFailed" : false,
        "parameters" : [ ]
      } ],
      "uid" : "92de61e3a5df70c68f0b7c3fa0259f6a"
    }, {
      "name" : "Timeout of 60000ms exceeded. For async tests and hooks, ensure \"done()\" is called; if returning a Promise, ensure it resolves. (C:\\Users\\UC227138\\Desktop\\DI_Protractor\\DI_Git\\13_NOV\\diprotractor-master@2ef453ad8b9\\dist\\test\\diSearchAndBrowse\\TI-34533.js)",
      "children" : [ {
        "name" : "\"before all\" hook: ret",
        "uid" : "f119e86aa3cdd067",
        "parentUid" : "d62820af5fe28ec01b3d4e49a97b4bec",
        "status" : "broken",
        "time" : {
          "start" : 1573818240102,
          "stop" : 1573818300198,
          "duration" : 60096
        },
        "flaky" : false,
        "newFailed" : false,
        "parameters" : [ ]
      } ],
      "uid" : "d62820af5fe28ec01b3d4e49a97b4bec"
    }, {
      "name" : "Timeout of 60000ms exceeded. For async tests and hooks, ensure \"done()\" is called; if returning a Promise, ensure it resolves. (C:\\Users\\UC227138\\Desktop\\DI_Protractor\\DI_Git\\13_NOV\\diprotractor-master@2ef453ad8b9\\dist\\test\\diSearchAndBrowse\\TI-35052.js)",
      "children" : [ {
        "name" : "\"before all\" hook: ret",
        "uid" : "7bb8b71846f6fe8d",
        "parentUid" : "4a2b1ab831dcee7a5935fdfeacbe6c06",
        "status" : "broken",
        "time" : {
          "start" : 1573818312866,
          "stop" : 1573818372962,
          "duration" : 60096
        },
        "flaky" : false,
        "newFailed" : false,
        "parameters" : [ ]
      } ],
      "uid" : "4a2b1ab831dcee7a5935fdfeacbe6c06"
    }, {
      "name" : "Timeout of 60000ms exceeded. For async tests and hooks, ensure \"done()\" is called; if returning a Promise, ensure it resolves. (C:\\Users\\UC227138\\Desktop\\DI_Protractor\\DI_Git\\13_NOV\\diprotractor-master@2ef453ad8b9\\dist\\test\\diSearchAndBrowse\\TI-35248.js)",
      "children" : [ {
        "name" : "US Class : Hide jump to for US Classification tool",
        "uid" : "daeb6c3c1dc80167",
        "parentUid" : "82bed02cb19924efe480a7027ec8737c",
        "status" : "broken",
        "time" : {
          "start" : 1573818445065,
          "stop" : 1573818505160,
          "duration" : 60095
        },
        "flaky" : false,
        "newFailed" : false,
        "parameters" : [ ]
      }, {
        "name" : "US Class-Current : Hide jump to for US Classification tool",
        "uid" : "723d317244176bc7",
        "parentUid" : "82bed02cb19924efe480a7027ec8737c",
        "status" : "broken",
        "time" : {
          "start" : 1573818505160,
          "stop" : 1573818565219,
          "duration" : 60059
        },
        "flaky" : false,
        "newFailed" : false,
        "parameters" : [ ]
      }, {
        "name" : "US Class-Current-Main : Hide jump to for US Classification tool",
        "uid" : "d778e8f7970586fe",
        "parentUid" : "82bed02cb19924efe480a7027ec8737c",
        "status" : "broken",
        "time" : {
          "start" : 1573818565219,
          "stop" : 1573818625255,
          "duration" : 60036
        },
        "flaky" : false,
        "newFailed" : false,
        "parameters" : [ ]
      } ],
      "uid" : "82bed02cb19924efe480a7027ec8737c"
    }, {
      "name" : "Timeout of 60000ms exceeded. For async tests and hooks, ensure \"done()\" is called; if returning a Promise, ensure it resolves. (C:\\Users\\UC227138\\Desktop\\DI_Protractor\\DI_Git\\13_NOV\\diprotractor-master@2ef453ad8b9\\dist\\test\\diSearchAndBrowse\\TI-35287.js)",
      "children" : [ {
        "name" : "TI-35287 Validate the livelinks on Code_lookup table",
        "uid" : "bd4d3308b529a282",
        "parentUid" : "b2115a3aa0e4a8f290af3ee896558b74",
        "status" : "broken",
        "time" : {
          "start" : 1573818648408,
          "stop" : 1573818708444,
          "duration" : 60036
        },
        "flaky" : false,
        "newFailed" : false,
        "parameters" : [ ]
      } ],
      "uid" : "b2115a3aa0e4a8f290af3ee896558b74"
    }, {
      "name" : "Timeout of 60000ms exceeded. For async tests and hooks, ensure \"done()\" is called; if returning a Promise, ensure it resolves. (C:\\Users\\UC227138\\Desktop\\DI_Protractor\\DI_Git\\13_NOV\\diprotractor-master@2ef453ad8b9\\dist\\test\\diSearchAndBrowse\\TI-35792.js)",
      "children" : [ {
        "name" : "TI - 35792 -- Fielded search form: Show the same watermark for fields which are shown in Production.",
        "uid" : "f1545a836ea4b03",
        "parentUid" : "202fdbf9e568a7b0012cd6ce23bf5f2b",
        "status" : "broken",
        "time" : {
          "start" : 1573818754845,
          "stop" : 1573818814882,
          "duration" : 60037
        },
        "flaky" : false,
        "newFailed" : false,
        "parameters" : [ ]
      } ],
      "uid" : "202fdbf9e568a7b0012cd6ce23bf5f2b"
    }, {
      "name" : "Timeout of 60000ms exceeded. For async tests and hooks, ensure \"done()\" is called; if returning a Promise, ensure it resolves. (C:\\Users\\UC227138\\Desktop\\DI_Protractor\\DI_Git\\13_NOV\\diprotractor-master@2ef453ad8b9\\dist\\test\\diSearchAndBrowse\\TI-36731.js)",
      "children" : [ {
        "name" : "\"before all\" hook: ret",
        "uid" : "99cf9aadd9d27019",
        "parentUid" : "15de744ba7d52881475c32dd5c14c138",
        "status" : "broken",
        "time" : {
          "start" : 1573818860060,
          "stop" : 1573818920071,
          "duration" : 60011
        },
        "flaky" : false,
        "newFailed" : false,
        "parameters" : [ ]
      } ],
      "uid" : "15de744ba7d52881475c32dd5c14c138"
    }, {
      "name" : "Timeout of 60000ms exceeded. For async tests and hooks, ensure \"done()\" is called; if returning a Promise, ensure it resolves. (C:\\Users\\UC227138\\Desktop\\DI_Protractor\\DI_Git\\13_NOV\\diprotractor-master@2ef453ad8b9\\dist\\test\\diSearchAndBrowse\\TI-38458.js)",
      "children" : [ {
        "name" : "\"before all\" hook: ret",
        "uid" : "ea0df10510d346e9",
        "parentUid" : "8cf072d2f914f15084f2855be7d081a5",
        "status" : "broken",
        "time" : {
          "start" : 1573818980085,
          "stop" : 1573819040098,
          "duration" : 60013
        },
        "flaky" : false,
        "newFailed" : false,
        "parameters" : [ ]
      } ],
      "uid" : "8cf072d2f914f15084f2855be7d081a5"
    }, {
      "name" : "Timeout of 60000ms exceeded. For async tests and hooks, ensure \"done()\" is called; if returning a Promise, ensure it resolves. (C:\\Users\\UC227138\\Desktop\\DI_Protractor\\DI_Git\\13_NOV\\diprotractor-master@2ef453ad8b9\\dist\\test\\diSearchResults\\TI-38460.js)",
      "children" : [ {
        "name" : "TI-38460: Validte reapply the filter after the subsearch.",
        "uid" : "fa82203a6a654a63",
        "parentUid" : "9d8a380cf0d1ba486d06efd01e0c42db",
        "status" : "broken",
        "time" : {
          "start" : 1573819182969,
          "stop" : 1573819302980,
          "duration" : 120011
        },
        "flaky" : false,
        "newFailed" : false,
        "parameters" : [ ]
      } ],
      "uid" : "9d8a380cf0d1ba486d06efd01e0c42db"
    }, {
      "name" : "Timeout of 60000ms exceeded. For async tests and hooks, ensure \"done()\" is called; if returning a Promise, ensure it resolves. (C:\\Users\\UC227138\\Desktop\\DI_Protractor\\DI_Git\\13_NOV\\diprotractor-master@2ef453ad8b9\\dist\\test\\savedWork\\TI-35791.js)",
      "children" : [ {
        "name" : "\"before all\" hook: ret",
        "uid" : "20ff9657a565c91e",
        "parentUid" : "df6037669ef094e448d216c6bf5cac18",
        "status" : "broken",
        "time" : {
          "start" : 1573819306338,
          "stop" : 1573819366343,
          "duration" : 60005
        },
        "flaky" : false,
        "newFailed" : false,
        "parameters" : [ ]
      } ],
      "uid" : "df6037669ef094e448d216c6bf5cac18"
    }, {
      "name" : "Timeout of 60000ms exceeded. For async tests and hooks, ensure \"done()\" is called; if returning a Promise, ensure it resolves. (C:\\Users\\UC227138\\Desktop\\DI_Protractor\\DI_Git\\13_NOV\\diprotractor-master@2ef453ad8b9\\dist\\test\\TI_sandy.js)",
      "children" : [ {
        "name" : "\"before all\" hook: ret",
        "uid" : "74e37c0ff7793109",
        "parentUid" : "2716acf4f9c3c77d4de2b93f3f80f33f",
        "status" : "broken",
        "time" : {
          "start" : 1573819369753,
          "stop" : 1573819429760,
          "duration" : 60007
        },
        "flaky" : false,
        "newFailed" : false,
        "parameters" : [ ]
      } ],
      "uid" : "2716acf4f9c3c77d4de2b93f3f80f33f"
    } ],
    "uid" : "bdbf199525818fae7a8651db9eafe741"
  }, {
    "name" : "Product defects",
    "children" : [ {
      "name" : "Test case 1 failedAssertionError: expected { Object (browser_, then, ...) } to equal true",
      "children" : [ {
        "name" : "User can access the tour anytime by selecting Take the tour under Support menu",
        "uid" : "6bcd649f0ac6f2d3",
        "parentUid" : "3831fe84e1e20bdad126072cad403cb9",
        "status" : "failed",
        "time" : {
          "start" : 1573816569361,
          "stop" : 1573816579779,
          "duration" : 10418
        },
        "flaky" : false,
        "newFailed" : false,
        "parameters" : [ ]
      } ],
      "uid" : "3831fe84e1e20bdad126072cad403cb9"
    }, {
      "name" : "Test case 2 failedAssertionError: expected { Object (browser_, then, ...) } to equal true",
      "children" : [ {
        "name" : "Click on Continue to move on next screen",
        "uid" : "bfb9084bcd9db61f",
        "parentUid" : "05d6b533959b5e24b15267bb1f34e893",
        "status" : "failed",
        "time" : {
          "start" : 1573816579779,
          "stop" : 1573816581986,
          "duration" : 2207
        },
        "flaky" : false,
        "newFailed" : false,
        "parameters" : [ ]
      } ],
      "uid" : "05d6b533959b5e24b15267bb1f34e893"
    }, {
      "name" : "Test case 3 failedAssertionError: expected { Object (browser_, then, ...) } to equal true",
      "children" : [ {
        "name" : "Click on Previous to come back to previous screen",
        "uid" : "d5ba4ed66a670904",
        "parentUid" : "8f615807dec693a1dd1c04c34e91852f",
        "status" : "failed",
        "time" : {
          "start" : 1573816581986,
          "stop" : 1573816584206,
          "duration" : 2220
        },
        "flaky" : false,
        "newFailed" : false,
        "parameters" : [ ]
      } ],
      "uid" : "8f615807dec693a1dd1c04c34e91852f"
    }, {
      "name" : "Test case 4 failedAssertionError: expected { Object (browser_, then, ...) } to equal true",
      "children" : [ {
        "name" : "Click on skip tour to cancel pendo",
        "uid" : "81370b4424eff1f2",
        "parentUid" : "852270f7ead83c375577aa5b69b109cb",
        "status" : "failed",
        "time" : {
          "start" : 1573816584206,
          "stop" : 1573816584210,
          "duration" : 4
        },
        "flaky" : false,
        "newFailed" : false,
        "parameters" : [ ]
      } ],
      "uid" : "852270f7ead83c375577aa5b69b109cb"
    }, {
      "name" : "Test case 5 failedAssertionError: expected { Object (browser_, then, ...) } to equal true",
      "children" : [ {
        "name" : "Click on complete on last screen to complete the tour",
        "uid" : "a6cd26c4772a93d4",
        "parentUid" : "dbeb85b704d1b4bb81c02ff3f65a103a",
        "status" : "failed",
        "time" : {
          "start" : 1573816584210,
          "stop" : 1573816599157,
          "duration" : 14947
        },
        "flaky" : false,
        "newFailed" : false,
        "parameters" : [ ]
      } ],
      "uid" : "dbeb85b704d1b4bb81c02ff3f65a103a"
    }, {
      "name" : "TI-27030, TI-27031 login is not happend sucessfullyError: spochek111@i.ua is not entered on the EMAIL textbox Error: unable to claear the text on  [object Object]NoSuchElementError: No element found using locator: By(css selector, #tr-login-username)",
      "children" : [ {
        "name" : "\"before all\" hook: ret",
        "uid" : "3a5aeca2a24206bc",
        "parentUid" : "adc0439ec4b92e5d3b0f846b38e41ae3",
        "status" : "failed",
        "time" : {
          "start" : 1573816668793,
          "stop" : 1573816668793,
          "duration" : 0
        },
        "flaky" : false,
        "newFailed" : false,
        "parameters" : [ ]
      } ],
      "uid" : "adc0439ec4b92e5d3b0f846b38e41ae3"
    }, {
      "name" : "TI-27030 : login is not happend sucessfullyUnsupportedOperationError: sendKeysToActiveElement\n                Build info: version: '3.141.59', revision: 'e82be7d358', time: '2018-11-14T08:25:53'\n                System info: host: 'BLR-80JR5Z1-7D', ip: '10.30.249.29', os.name: 'Windows 7', os.arch: 'amd64', os.version: '6.1', java.version: '1.8.0_181'\n                Driver info: driver.version: unknown",
      "children" : [ {
        "name" : "\"before all\" hook: ret",
        "uid" : "865f12440224f10c",
        "parentUid" : "acfe0558243c13cddbd2f71f95c7d5db",
        "status" : "failed",
        "time" : {
          "start" : 1573816700363,
          "stop" : 1573816700363,
          "duration" : 0
        },
        "flaky" : false,
        "newFailed" : false,
        "parameters" : [ ]
      } ],
      "uid" : "acfe0558243c13cddbd2f71f95c7d5db"
    }, {
      "name" : "TI-27031 : login is not happend sucessfullyUnsupportedOperationError: sendKeysToActiveElement\n                Build info: version: '3.141.59', revision: 'e82be7d358', time: '2018-11-14T08:25:53'\n                System info: host: 'BLR-80JR5Z1-7D', ip: '10.30.249.29', os.name: 'Windows 7', os.arch: 'amd64', os.version: '6.1', java.version: '1.8.0_181'\n                Driver info: driver.version: unknown",
      "children" : [ {
        "name" : "\"before all\" hook: ret",
        "uid" : "d404377b3bab4390",
        "parentUid" : "ef8601c705daefca7007152093dc8479",
        "status" : "failed",
        "time" : {
          "start" : 1573816732147,
          "stop" : 1573816732147,
          "duration" : 0
        },
        "flaky" : false,
        "newFailed" : false,
        "parameters" : [ ]
      } ],
      "uid" : "ef8601c705daefca7007152093dc8479"
    }, {
      "name" : "TI-27032 : login is not happend sucessfullyUnsupportedOperationError: sendKeysToActiveElement\n                Build info: version: '3.141.59', revision: 'e82be7d358', time: '2018-11-14T08:25:53'\n                System info: host: 'BLR-80JR5Z1-7D', ip: '10.30.249.29', os.name: 'Windows 7', os.arch: 'amd64', os.version: '6.1', java.version: '1.8.0_181'\n                Driver info: driver.version: unknown",
      "children" : [ {
        "name" : "\"before all\" hook: ret",
        "uid" : "6be2108a46ef8e7c",
        "parentUid" : "e4dd5e807ee689a1a6f7c5e5cce614bc",
        "status" : "failed",
        "time" : {
          "start" : 1573816763822,
          "stop" : 1573816763822,
          "duration" : 0
        },
        "flaky" : false,
        "newFailed" : false,
        "parameters" : [ ]
      } ],
      "uid" : "e4dd5e807ee689a1a6f7c5e5cce614bc"
    }, {
      "name" : "TI-27033 : login is not happend sucessfullyUnsupportedOperationError: sendKeysToActiveElement\n                Build info: version: '3.141.59', revision: 'e82be7d358', time: '2018-11-14T08:25:53'\n                System info: host: 'BLR-80JR5Z1-7D', ip: '10.30.249.29', os.name: 'Windows 7', os.arch: 'amd64', os.version: '6.1', java.version: '1.8.0_181'\n                Driver info: driver.version: unknown",
      "children" : [ {
        "name" : "\"before all\" hook: ret",
        "uid" : "dcc6aa0bba467d7d",
        "parentUid" : "b6254b7aed22d42e9d9ba9eeca799ef9",
        "status" : "failed",
        "time" : {
          "start" : 1573816797931,
          "stop" : 1573816797931,
          "duration" : 0
        },
        "flaky" : false,
        "newFailed" : false,
        "parameters" : [ ]
      }, {
        "name" : "\"before all\" hook: ret",
        "uid" : "427bb065cae4d3d0",
        "parentUid" : "b6254b7aed22d42e9d9ba9eeca799ef9",
        "status" : "failed",
        "time" : {
          "start" : 1573816829493,
          "stop" : 1573816829493,
          "duration" : 0
        },
        "flaky" : false,
        "newFailed" : false,
        "parameters" : [ ]
      } ],
      "uid" : "b6254b7aed22d42e9d9ba9eeca799ef9"
    }, {
      "name" : "Fail: TI_27034 validate Smart/Quick Search BarError: US123456789 is not entered on the QuickSearch textbox Error: unable to claear the text on  [object Object]NoSuchElementError: No element found using locator: By(xpath, //*[@role='textbox'])",
      "children" : [ {
        "name" : "TI_27034 validate Smart/Quick Search Bar ",
        "uid" : "153632eeea1984ff",
        "parentUid" : "fdb62a801d63faf9777cac959772b775",
        "status" : "failed",
        "time" : {
          "start" : 1573816860929,
          "stop" : 1573816862580,
          "duration" : 1651
        },
        "flaky" : false,
        "newFailed" : false,
        "parameters" : [ ]
      } ],
      "uid" : "fdb62a801d63faf9777cac959772b775"
    }, {
      "name" : "TI-27054,TI-28344,TI-31488 : login is not happend sucessfullyUnsupportedOperationError: sendKeysToActiveElement\n                Build info: version: '3.141.59', revision: 'e82be7d358', time: '2018-11-14T08:25:53'\n                System info: host: 'BLR-80JR5Z1-7D', ip: '10.30.249.29', os.name: 'Windows 7', os.arch: 'amd64', os.version: '6.1', java.version: '1.8.0_181'\n                Driver info: driver.version: unknown",
      "children" : [ {
        "name" : "\"before all\" hook: ret",
        "uid" : "6b7c9dd50cfbdef6",
        "parentUid" : "d2c0a2c248cf1ab4b4136caf7324f269",
        "status" : "failed",
        "time" : {
          "start" : 1573816882548,
          "stop" : 1573816882548,
          "duration" : 0
        },
        "flaky" : false,
        "newFailed" : false,
        "parameters" : [ ]
      } ],
      "uid" : "d2c0a2c248cf1ab4b4136caf7324f269"
    }, {
      "name" : "TI-27056 and TI-31580 --- Validating Home Page Popular search links displaying in new windowAssertionError: expected 'https://clarivate.com/download/research-patents-specific-technology-domain/' to include 'di_bfs_class_search_en.pdf'",
      "children" : [ {
        "name" : "TI-27056 and TI-31580 --- Validating Home Page Popular search links displaying in new window",
        "uid" : "d617118928f39b76",
        "parentUid" : "eda78ea5527195944a7edb27aba20cd4",
        "status" : "failed",
        "time" : {
          "start" : 1573816913943,
          "stop" : 1573816945869,
          "duration" : 31926
        },
        "flaky" : false,
        "newFailed" : false,
        "parameters" : [ ]
      } ],
      "uid" : "eda78ea5527195944a7edb27aba20cd4"
    }, {
      "name" : "Fail:TI-28304  Validate default checked radio button is smart searchAssertionError: expected 'radio-xl home-radio-1 mat-radio-button mat-accent' to include 'checked'",
      "children" : [ {
        "name" : "Validate default checked radio button is smart search",
        "uid" : "3c8f40da5a575ebb",
        "parentUid" : "654469e87ce33f2263020f992bee4449",
        "status" : "failed",
        "time" : {
          "start" : 1573816966651,
          "stop" : 1573816966720,
          "duration" : 69
        },
        "flaky" : false,
        "newFailed" : false,
        "parameters" : [ ]
      } ],
      "uid" : "654469e87ce33f2263020f992bee4449"
    }, {
      "name" : "Fail:TI-28304 Validate place holder text in Quick Search text boxNoSuchElementError: No element found using locator: By(xpath, //*[@role='textbox'])",
      "children" : [ {
        "name" : "Validate place holder text in Quick Search text box",
        "uid" : "c1f384990b5920e3",
        "parentUid" : "0dc72b68b0ffb13e1a7f960b60c50aa5",
        "status" : "failed",
        "time" : {
          "start" : 1573816966720,
          "stop" : 1573816967872,
          "duration" : 1152
        },
        "flaky" : false,
        "newFailed" : false,
        "parameters" : [ ]
      } ],
      "uid" : "0dc72b68b0ffb13e1a7f960b60c50aa5"
    }, {
      "name" : "Fail:TI-28304 validate the text in quick searchtextbox when smart search is selectedNoSuchElementError: No element found using locator: By(xpath, //*[@role='textbox'])",
      "children" : [ {
        "name" : "validate the text in quick searchtextbox when smart search is selected",
        "uid" : "759eb1fa721af6b9",
        "parentUid" : "f7e54e4965d9a5f70e43c016832e5b95",
        "status" : "failed",
        "time" : {
          "start" : 1573816967872,
          "stop" : 1573816968997,
          "duration" : 1125
        },
        "flaky" : false,
        "newFailed" : false,
        "parameters" : [ ]
      } ],
      "uid" : "f7e54e4965d9a5f70e43c016832e5b95"
    }, {
      "name" : "Fail: TI-28349 Validate expert patent translation menu item in IP Services menuTypeError: protractor_1.browser.getCurrnetWindow is not a function",
      "children" : [ {
        "name" : "TI-28349 Validate expert patent translation menu item in IP Services menu",
        "uid" : "4e85ef1ef2a8819e",
        "parentUid" : "86850fd4c746521a42d57c4f47681f11",
        "status" : "failed",
        "time" : {
          "start" : 1573816989888,
          "stop" : 1573816989900,
          "duration" : 12
        },
        "flaky" : false,
        "newFailed" : false,
        "parameters" : [ ]
      } ],
      "uid" : "86850fd4c746521a42d57c4f47681f11"
    }, {
      "name" : "FAIL: TI-28350 Help link and validate if new tab is openedTypeError: protractor_1.browser.getCurrnetWindow is not a function",
      "children" : [ {
        "name" : "TI-28350 To click on Support Drop Down -->\"Help\" link and validate if new tab is opened",
        "uid" : "78cafe91163566e6",
        "parentUid" : "2f004f7f9e2f14a2cdc2a36d9b509d81",
        "status" : "failed",
        "time" : {
          "start" : 1573817012442,
          "stop" : 1573817012446,
          "duration" : 4
        },
        "flaky" : false,
        "newFailed" : false,
        "parameters" : [ ]
      } ],
      "uid" : "2f004f7f9e2f14a2cdc2a36d9b509d81"
    }, {
      "name" : "FAIL: TI-28350 ViewTrainingCourses link and validate if new tab is openedTypeError: protractor_1.browser.getCurrnetWindow is not a function",
      "children" : [ {
        "name" : "TI-28350 To click on Support Drop Down -->\"ViewTrainingCourses\" link and validate if new tab is opened",
        "uid" : "d32147cd9f6f1b95",
        "parentUid" : "960b7ab3e24f58d340bad8ac16179e10",
        "status" : "failed",
        "time" : {
          "start" : 1573817012446,
          "stop" : 1573817012448,
          "duration" : 2
        },
        "flaky" : false,
        "newFailed" : false,
        "parameters" : [ ]
      } ],
      "uid" : "960b7ab3e24f58d340bad8ac16179e10"
    }, {
      "name" : "FAIL: TI-28350 Ask a question link and validate if new tab is openedTypeError: protractor_1.browser.getCurrnetWindow is not a function",
      "children" : [ {
        "name" : "TI-28350 To click on Support Drop Down-->\"Ask a question\" link and validate if new tab is opened",
        "uid" : "befe8bfbbdab95e3",
        "parentUid" : "748764bd83cdbc3e5325e49655862333",
        "status" : "failed",
        "time" : {
          "start" : 1573817012448,
          "stop" : 1573817012449,
          "duration" : 1
        },
        "flaky" : false,
        "newFailed" : false,
        "parameters" : [ ]
      } ],
      "uid" : "748764bd83cdbc3e5325e49655862333"
    }, {
      "name" : "FAIL: TI-28350 Contact Us link and validate if new tab is openedTypeError: protractor_1.browser.getCurrnetWindow is not a function",
      "children" : [ {
        "name" : "TI-28350 To click on Support-->\"Contact Us\" link and validate if new tab is opened",
        "uid" : "640240a6df45164",
        "parentUid" : "8cbddf55394f1a974dd5e13078c531b1",
        "status" : "failed",
        "time" : {
          "start" : 1573817012449,
          "stop" : 1573817012450,
          "duration" : 1
        },
        "flaky" : false,
        "newFailed" : false,
        "parameters" : [ ]
      } ],
      "uid" : "8cbddf55394f1a974dd5e13078c531b1"
    }, {
      "name" : "Fail : TI-31491-27064 logout is not happend sucessfullyNoSuchElementError: No element found using locator: By(xpath, .//span[contains(text(),'Welcome')]/../..)",
      "children" : [ {
        "name" : "Login as All User and validate Dashboard tile",
        "uid" : "e82ad17ca47f94cf",
        "parentUid" : "90a55636c0af053bfb438d1ba54f297b",
        "status" : "failed",
        "time" : {
          "start" : 1573817174119,
          "stop" : 1573817175346,
          "duration" : 1227
        },
        "flaky" : false,
        "newFailed" : false,
        "parameters" : [ ]
      } ],
      "uid" : "90a55636c0af053bfb438d1ba54f297b"
    }, {
      "name" : "TI-27072 login is not happend sucessfullyUnsupportedOperationError: sendKeysToActiveElement\n                Build info: version: '3.141.59', revision: 'e82be7d358', time: '2018-11-14T08:25:53'\n                System info: host: 'BLR-80JR5Z1-7D', ip: '10.30.249.29', os.name: 'Windows 7', os.arch: 'amd64', os.version: '6.1', java.version: '1.8.0_181'\n                Driver info: driver.version: unknown",
      "children" : [ {
        "name" : "\"before all\" hook: ret",
        "uid" : "f21dc2bf87a91cf6",
        "parentUid" : "5b91db787018fd4da75ce3fe655f00f4",
        "status" : "failed",
        "time" : {
          "start" : 1573817292202,
          "stop" : 1573817292202,
          "duration" : 0
        },
        "flaky" : false,
        "newFailed" : false,
        "parameters" : [ ]
      } ],
      "uid" : "5b91db787018fd4da75ce3fe655f00f4"
    }, {
      "name" : "TI-27076 login is not happend sucessfullyUnsupportedOperationError: sendKeysToActiveElement\n                Build info: version: '3.141.59', revision: 'e82be7d358', time: '2018-11-14T08:25:53'\n                System info: host: 'BLR-80JR5Z1-7D', ip: '10.30.249.29', os.name: 'Windows 7', os.arch: 'amd64', os.version: '6.1', java.version: '1.8.0_181'\n                Driver info: driver.version: unknown",
      "children" : [ {
        "name" : "\"before all\" hook: ret",
        "uid" : "337069cff09042b9",
        "parentUid" : "eea6fef1fccf6838a43ba6406629acfb",
        "status" : "failed",
        "time" : {
          "start" : 1573817324602,
          "stop" : 1573817324602,
          "duration" : 0
        },
        "flaky" : false,
        "newFailed" : false,
        "parameters" : [ ]
      } ],
      "uid" : "eea6fef1fccf6838a43ba6406629acfb"
    }, {
      "name" : "TI-27091 Validating Check SyntaxJavascriptError: javascript error: Cannot read property 'setValue' of undefined\n                  (Session info: chrome=78.0.3904.97)\n                Build info: version: '3.141.59', revision: 'e82be7d358', time: '2018-11-14T08:25:53'\n                System info: host: 'BLR-80JR5Z1-7D', ip: '10.30.249.29', os.name: 'Windows 7', os.arch: 'amd64', os.version: '6.1', java.version: '1.8.0_181'\n                Driver info: driver.version: unknown",
      "children" : [ {
        "name" : "TI-27091 --- Validating Check Syntax",
        "uid" : "153e8ba617c466b8",
        "parentUid" : "e200a8d6a065b52dfeaff1469dd10222",
        "status" : "failed",
        "time" : {
          "start" : 1573817356990,
          "stop" : 1573817359919,
          "duration" : 2929
        },
        "flaky" : false,
        "newFailed" : false,
        "parameters" : [ ]
      } ],
      "uid" : "e200a8d6a065b52dfeaff1469dd10222"
    }, {
      "name" : "TI-27380 login is not happend sucessfullyWebDriverError: element click intercepted: Element <span class=\"mat-button-wrapper\">...</span> is not clickable at point (765, 20). Other element would receive the click: <div class=\"_pendo-backdrop\" id=\"pendo-backdrop\" style=\"top: 0px; bottom: 0px; left: 0px; right: 0px; z-index: 200000; position: fixed; background-color: rgba(0, 0, 0, 0.7); opacity: 1; float: none; vertical-align: baseline; display: block;\"></div>\n                  (Session info: chrome=78.0.3904.97)\n                Build info: version: '3.141.59', revision: 'e82be7d358', time: '2018-11-14T08:25:53'\n                System info: host: 'BLR-80JR5Z1-7D', ip: '10.30.249.29', os.name: 'Windows 7', os.arch: 'amd64', os.version: '6.1', java.version: '1.8.0_181'\n                Driver info: driver.version: unknown",
      "children" : [ {
        "name" : "\"before all\" hook: ret",
        "uid" : "3604e84f7c606ee6",
        "parentUid" : "5863996eafe8ffa84c9bba4b867e7dee",
        "status" : "failed",
        "time" : {
          "start" : 1573817438241,
          "stop" : 1573817442296,
          "duration" : 4055
        },
        "flaky" : false,
        "newFailed" : false,
        "parameters" : [ ]
      } ],
      "uid" : "5863996eafe8ffa84c9bba4b867e7dee"
    }, {
      "name" : "TI-27381 Logout is not happend sucessfullyNoSuchElementError: No element found using locator: By(xpath, .//span[contains(text(),'Welcome')]/../..)",
      "children" : [ {
        "name" : "\"before all\" hook: ret",
        "uid" : "2ba407ed291af446",
        "parentUid" : "9b75c135f00b7eb8feebc006ca8df16d",
        "status" : "failed",
        "time" : {
          "start" : 1573817445416,
          "stop" : 1573817445426,
          "duration" : 10
        },
        "flaky" : false,
        "newFailed" : false,
        "parameters" : [ ]
      } ],
      "uid" : "9b75c135f00b7eb8feebc006ca8df16d"
    }, {
      "name" : "TI-27403 :   Login is not happend sucessfullyError: spochek111@i.ua is not entered on the EMAIL textbox Error: unable to claear the text on  [object Object]NoSuchElementError: No element found using locator: By(css selector, #tr-login-username)",
      "children" : [ {
        "name" : "\"before all\" hook: ret",
        "uid" : "9e050fbf5cb37a5",
        "parentUid" : "a43157a0c9ee16c685c61d222827632e",
        "status" : "failed",
        "time" : {
          "start" : 1573817448555,
          "stop" : 1573817448555,
          "duration" : 0
        },
        "flaky" : false,
        "newFailed" : false,
        "parameters" : [ ]
      } ],
      "uid" : "a43157a0c9ee16c685c61d222827632e"
    }, {
      "name" : "FAIL: TI-27528 Toggle between FIELDED and EXPERT search formsError: getAttribute is not working for elementBy(xpath, .//mat-button-toggle[contains(.,'FIELDED')])NoSuchElementError: No element found using locator: By(xpath, .//mat-button-toggle[contains(.,'FIELDED')])",
      "children" : [ {
        "name" : "TI-27528: Toggle between FIELDED and EXPERT search forms",
        "uid" : "9a5e83557fbc68e1",
        "parentUid" : "54bea41dd1e78361dddb653b27e6ea78",
        "status" : "failed",
        "time" : {
          "start" : 1573817470445,
          "stop" : 1573817470968,
          "duration" : 523
        },
        "flaky" : false,
        "newFailed" : false,
        "parameters" : [ ]
      } ],
      "uid" : "54bea41dd1e78361dddb653b27e6ea78"
    }, {
      "name" : "FAIL: TI-27528 Verify Add or remove search field row by using the `+/-` buttonsError: getAttribute is not working for elementBy(xpath, .//mat-button-toggle[contains(.,'FIELDED')])NoSuchElementError: No element found using locator: By(xpath, .//mat-button-toggle[contains(.,'FIELDED')])",
      "children" : [ {
        "name" : "TI-27528: Verify Add or remove search field row by using the `+/-` buttons",
        "uid" : "802014defba2c0fe",
        "parentUid" : "8923b090c1d089cb8dfe14e9260fe62b",
        "status" : "failed",
        "time" : {
          "start" : 1573817470968,
          "stop" : 1573817471523,
          "duration" : 555
        },
        "flaky" : false,
        "newFailed" : false,
        "parameters" : [ ]
      } ],
      "uid" : "8923b090c1d089cb8dfe14e9260fe62b"
    }, {
      "name" : "FAIL: TI-27528 Verify the `Revert` button in the search formNoSuchElementError: No element found using locator: By(xpath, //span[text()=' Revert ']/..)",
      "children" : [ {
        "name" : "TI-27528: Verify the `Revert` button in the search form",
        "uid" : "a829afbdf0e07b6c",
        "parentUid" : "cb92d9330a74718c76887d737591e530",
        "status" : "failed",
        "time" : {
          "start" : 1573817482827,
          "stop" : 1573817483078,
          "duration" : 251
        },
        "flaky" : false,
        "newFailed" : false,
        "parameters" : [ ]
      } ],
      "uid" : "cb92d9330a74718c76887d737591e530"
    }, {
      "name" : "FAIL: TI-27528 Verify the three option buttons will enable in the search formNoSuchElementError: No element found using locator: By(xpath, //div[@class='content-footer-buttons']//span[text()=' Clear all ']/..)",
      "children" : [ {
        "name" : "TI-27528 : Verify the three option buttons will enable in the search form",
        "uid" : "b9956eefddb1ff07",
        "parentUid" : "f6605d9de0dddfb3bcd99bbc453c3d79",
        "status" : "failed",
        "time" : {
          "start" : 1573817483078,
          "stop" : 1573817485561,
          "duration" : 2483
        },
        "flaky" : false,
        "newFailed" : false,
        "parameters" : [ ]
      } ],
      "uid" : "f6605d9de0dddfb3bcd99bbc453c3d79"
    }, {
      "name" : "TI-34567 login is not happend sucessfullyError: spochek111@i.ua is not entered on the EMAIL textbox Error: unable to claear the text on  [object Object]NoSuchElementError: No element found using locator: By(css selector, #tr-login-username)",
      "children" : [ {
        "name" : "\"before all\" hook: ret",
        "uid" : "346cced8d28cb0b",
        "parentUid" : "95ed9db33c26726e9165d28de8a9c0f7",
        "status" : "failed",
        "time" : {
          "start" : 1573818303791,
          "stop" : 1573818303791,
          "duration" : 0
        },
        "flaky" : false,
        "newFailed" : false,
        "parameters" : [ ]
      } ],
      "uid" : "95ed9db33c26726e9165d28de8a9c0f7"
    }, {
      "name" : "\n                Error 1: 0both are not equal\n                ",
      "children" : [ {
        "name" : "Allure Test2",
        "uid" : "c1cdc0f28b47ff62",
        "parentUid" : "03d0a1253edc22efca34dc804bc7bc14",
        "status" : "failed",
        "time" : {
          "start" : 1573818732086,
          "stop" : 1573818734142,
          "duration" : 2056
        },
        "flaky" : false,
        "newFailed" : false,
        "parameters" : [ ]
      } ],
      "uid" : "03d0a1253edc22efca34dc804bc7bc14"
    }, {
      "name" : "FAIL: TI-27963 Validating custom field between search screensError: Click is not successful on button Clearall WebDriverError: element click intercepted: Element <button _ngcontent-c26=\"\" class=\"but-xl but-link ps-button-1 mat-button mat-primary\" color=\"primary\" mat-button=\"\">...</button> is not clickable at point (923, 20). Other element would receive the click: <div _ngcontent-c20=\"\" class=\"mat-snackbar-block mat-snackbar-banner mat-snackbar-message\" fxlayout=\"row\" fxlayoutalign=\"space-between\" style=\"flex-direction: row; box-sizing: border-box; display: flex; place-content: stretch space-between; align-items: stretch;\">...</div>\n                  (Session info: chrome=78.0.3904.97)\n                Build info: version: '3.141.59', revision: 'e82be7d358', time: '2018-11-14T08:25:53'\n                System info: host: 'BLR-80JR5Z1-7D', ip: '10.30.249.29', os.name: 'Windows 7', os.arch: 'amd64', os.version: '6.1', java.version: '1.8.0_181'\n                Driver info: driver.version: unknown",
      "children" : [ {
        "name" : "TI - 27963 -- Validating custom field between search screens",
        "uid" : "5962e3837ae28614",
        "parentUid" : "594503b6b83fb3b08009d5387ed10a81",
        "status" : "failed",
        "time" : {
          "start" : 1573819058773,
          "stop" : 1573819090737,
          "duration" : 31964
        },
        "flaky" : false,
        "newFailed" : false,
        "parameters" : [ ]
      } ],
      "uid" : "594503b6b83fb3b08009d5387ed10a81"
    }, {
      "name" : "ti-31481 login is not happend sucessfullyError: spochek111@i.ua is not entered on the EMAIL textbox Error: unable to claear the text on  [object Object]NoSuchElementError: No element found using locator: By(css selector, #tr-login-username)",
      "children" : [ {
        "name" : "\"before all\" hook: ret",
        "uid" : "d4d0162243031f1a",
        "parentUid" : "1b10685791cb1a9fb50da12d29d039cb",
        "status" : "failed",
        "time" : {
          "start" : 1573819161081,
          "stop" : 1573819161081,
          "duration" : 0
        },
        "flaky" : false,
        "newFailed" : false,
        "parameters" : [ ]
      } ],
      "uid" : "1b10685791cb1a9fb50da12d29d039cb"
    } ],
    "uid" : "8fb3a91ba5aaf9de24cc8a92edc82b5d"
  } ]
}