{
  "410b29c20095e3edf7753070213992e7" : {
    "statistic" : {
      "failed" : 0,
      "broken" : 1,
      "skipped" : 0,
      "passed" : 0,
      "unknown" : 0,
      "total" : 1
    },
    "items" : [ {
      "uid" : "868780ea37447693",
      "status" : "broken",
      "statusDetails" : "Timeout of 60000ms exceeded. For async tests and hooks, ensure \"done()\" is called; if returning a Promise, ensure it resolves. (C:\\Users\\UC227138\\Desktop\\DI_Protractor\\DI_Git\\13_NOV\\diprotractor-master@2ef453ad8b9\\dist\\test\\diSearchAndBrowse\\TI-27993.js)",
      "time" : {
        "start" : 1573817548819,
        "stop" : 1573817668817,
        "duration" : 119998
      }
    } ]
  },
  "61bc1911c33e6e21bf12346ce9a5d78b" : {
    "statistic" : {
      "failed" : 1,
      "broken" : 0,
      "skipped" : 0,
      "passed" : 0,
      "unknown" : 0,
      "total" : 1
    },
    "items" : [ {
      "uid" : "6bcd649f0ac6f2d3",
      "status" : "failed",
      "statusDetails" : "Test case 1 failedAssertionError: expected { Object (browser_, then, ...) } to equal true",
      "time" : {
        "start" : 1573816569361,
        "stop" : 1573816579779,
        "duration" : 10418
      }
    } ]
  },
  "2a05e5c61bb15dcabf5946a22d16afe2" : {
    "statistic" : {
      "failed" : 0,
      "broken" : 0,
      "skipped" : 0,
      "passed" : 1,
      "unknown" : 0,
      "total" : 1
    },
    "items" : [ {
      "uid" : "a474ad5bb63a6148",
      "status" : "passed",
      "time" : {
        "start" : 1573818835761,
        "stop" : 1573818848475,
        "duration" : 12714
      }
    } ]
  },
  "1e543cb50d7badece39cafa9868b0357" : {
    "statistic" : {
      "failed" : 1,
      "broken" : 0,
      "skipped" : 0,
      "passed" : 0,
      "unknown" : 0,
      "total" : 1
    },
    "items" : [ {
      "uid" : "759eb1fa721af6b9",
      "status" : "failed",
      "statusDetails" : "Fail:TI-28304 validate the text in quick searchtextbox when smart search is selectedNoSuchElementError: No element found using locator: By(xpath, //*[@role='textbox'])",
      "time" : {
        "start" : 1573816967872,
        "stop" : 1573816968997,
        "duration" : 1125
      }
    } ]
  },
  "f89f479df810b11dbbe7bf298ba705a9" : {
    "statistic" : {
      "failed" : 0,
      "broken" : 1,
      "skipped" : 0,
      "passed" : 0,
      "unknown" : 0,
      "total" : 1
    },
    "items" : [ {
      "uid" : "899ecf2feb4a3cba",
      "status" : "broken",
      "statusDetails" : "Timeout of 60000ms exceeded. For async tests and hooks, ensure \"done()\" is called; if returning a Promise, ensure it resolves. (C:\\Users\\UC227138\\Desktop\\DI_Protractor\\DI_Git\\13_NOV\\diprotractor-master@2ef453ad8b9\\dist\\test\\diHome\\TI-31490.js)",
      "time" : {
        "start" : 1573817054116,
        "stop" : 1573817114115,
        "duration" : 59999
      }
    } ]
  },
  "c27bf841cb6bbe9e0acf2b969da5fe8a" : {
    "statistic" : {
      "failed" : 0,
      "broken" : 0,
      "skipped" : 0,
      "passed" : 1,
      "unknown" : 0,
      "total" : 1
    },
    "items" : [ {
      "uid" : "36b3466ffeb9def3",
      "status" : "passed",
      "time" : {
        "start" : 1573817388587,
        "stop" : 1573817417502,
        "duration" : 28915
      }
    } ]
  },
  "4fdc46ed1ccd0040fe5fd9781e316d08" : {
    "statistic" : {
      "failed" : 1,
      "broken" : 0,
      "skipped" : 0,
      "passed" : 0,
      "unknown" : 0,
      "total" : 1
    },
    "items" : [ {
      "uid" : "9e050fbf5cb37a5",
      "status" : "failed",
      "statusDetails" : "TI-27403 :   Login is not happend sucessfullyError: spochek111@i.ua is not entered on the EMAIL textbox Error: unable to claear the text on  [object Object]NoSuchElementError: No element found using locator: By(css selector, #tr-login-username)",
      "time" : {
        "start" : 1573817448555,
        "stop" : 1573817448555,
        "duration" : 0
      }
    } ]
  },
  "652cc335a7e019967e4f5503d311c4e" : {
    "statistic" : {
      "failed" : 0,
      "broken" : 0,
      "skipped" : 0,
      "passed" : 1,
      "unknown" : 0,
      "total" : 1
    },
    "items" : [ {
      "uid" : "48bf6ad6f202141d",
      "status" : "passed",
      "time" : {
        "start" : 1573816650793,
        "stop" : 1573816661445,
        "duration" : 10652
      }
    } ]
  },
  "85067c7d86e4bfb7892463fb19fcee2a" : {
    "statistic" : {
      "failed" : 0,
      "broken" : 1,
      "skipped" : 0,
      "passed" : 0,
      "unknown" : 0,
      "total" : 1
    },
    "items" : [ {
      "uid" : "fa82203a6a654a63",
      "status" : "broken",
      "statusDetails" : "Timeout of 60000ms exceeded. For async tests and hooks, ensure \"done()\" is called; if returning a Promise, ensure it resolves. (C:\\Users\\UC227138\\Desktop\\DI_Protractor\\DI_Git\\13_NOV\\diprotractor-master@2ef453ad8b9\\dist\\test\\diSearchResults\\TI-38460.js)",
      "time" : {
        "start" : 1573819182969,
        "stop" : 1573819302980,
        "duration" : 120011
      }
    } ]
  },
  "ddc0f93f977ef1af1b53985d4801468e" : {
    "statistic" : {
      "failed" : 0,
      "broken" : 1,
      "skipped" : 0,
      "passed" : 0,
      "unknown" : 0,
      "total" : 1
    },
    "items" : [ {
      "uid" : "d778e8f7970586fe",
      "status" : "broken",
      "statusDetails" : "Timeout of 60000ms exceeded. For async tests and hooks, ensure \"done()\" is called; if returning a Promise, ensure it resolves. (C:\\Users\\UC227138\\Desktop\\DI_Protractor\\DI_Git\\13_NOV\\diprotractor-master@2ef453ad8b9\\dist\\test\\diSearchAndBrowse\\TI-35248.js)",
      "time" : {
        "start" : 1573818565219,
        "stop" : 1573818625255,
        "duration" : 60036
      }
    } ]
  },
  "a4657b310581ff6e5cd22a1a43478a04" : {
    "statistic" : {
      "failed" : 1,
      "broken" : 0,
      "skipped" : 0,
      "passed" : 0,
      "unknown" : 0,
      "total" : 1
    },
    "items" : [ {
      "uid" : "3604e84f7c606ee6",
      "status" : "failed",
      "statusDetails" : "TI-27380 login is not happend sucessfullyWebDriverError: element click intercepted: Element <span class=\"mat-button-wrapper\">...</span> is not clickable at point (765, 20). Other element would receive the click: <div class=\"_pendo-backdrop\" id=\"pendo-backdrop\" style=\"top: 0px; bottom: 0px; left: 0px; right: 0px; z-index: 200000; position: fixed; background-color: rgba(0, 0, 0, 0.7); opacity: 1; float: none; vertical-align: baseline; display: block;\"></div>\n                  (Session info: chrome=78.0.3904.97)\n                Build info: version: '3.141.59', revision: 'e82be7d358', time: '2018-11-14T08:25:53'\n                System info: host: 'BLR-80JR5Z1-7D', ip: '10.30.249.29', os.name: 'Windows 7', os.arch: 'amd64', os.version: '6.1', java.version: '1.8.0_181'\n                Driver info: driver.version: unknown",
      "time" : {
        "start" : 1573817438241,
        "stop" : 1573817442296,
        "duration" : 4055
      }
    } ]
  },
  "19b880f3cb0c9bef35b38298ce276b35" : {
    "statistic" : {
      "failed" : 0,
      "broken" : 1,
      "skipped" : 0,
      "passed" : 0,
      "unknown" : 0,
      "total" : 1
    },
    "items" : [ {
      "uid" : "690aaa96665068b4",
      "status" : "broken",
      "statusDetails" : "Timeout of 60000ms exceeded. For async tests and hooks, ensure \"done()\" is called; if returning a Promise, ensure it resolves. (C:\\Users\\UC227138\\Desktop\\DI_Protractor\\DI_Git\\13_NOV\\diprotractor-master@2ef453ad8b9\\dist\\test\\diHome\\TI-31490.js)",
      "time" : {
        "start" : 1573817114115,
        "stop" : 1573817174114,
        "duration" : 59999
      }
    } ]
  },
  "47881a50354b41128b613fb27f226e8d" : {
    "statistic" : {
      "failed" : 0,
      "broken" : 0,
      "skipped" : 0,
      "passed" : 1,
      "unknown" : 0,
      "total" : 1
    },
    "items" : [ {
      "uid" : "a0fefa4e0cf628da",
      "status" : "passed",
      "time" : {
        "start" : 1573817471523,
        "stop" : 1573817475220,
        "duration" : 3697
      }
    } ]
  },
  "e28f19f01918a4b7f32c440d618ca36" : {
    "statistic" : {
      "failed" : 0,
      "broken" : 1,
      "skipped" : 0,
      "passed" : 0,
      "unknown" : 0,
      "total" : 1
    },
    "items" : [ {
      "uid" : "984411e87dba5049",
      "status" : "broken",
      "statusDetails" : "Timeout of 60000ms exceeded. For async tests and hooks, ensure \"done()\" is called; if returning a Promise, ensure it resolves. (C:\\Users\\UC227138\\Desktop\\DI_Protractor\\DI_Git\\13_NOV\\diprotractor-master@2ef453ad8b9\\dist\\test\\diGeneral\\TI-34653.js)",
      "time" : {
        "start" : 1573816368141,
        "stop" : 1573816430729,
        "duration" : 62588
      }
    } ]
  },
  "48f5a27a12b8e873c0b8d303766cb1a5" : {
    "statistic" : {
      "failed" : 0,
      "broken" : 0,
      "skipped" : 0,
      "passed" : 1,
      "unknown" : 0,
      "total" : 1
    },
    "items" : [ {
      "uid" : "407e96ee49e7bd61",
      "status" : "passed",
      "time" : {
        "start" : 1573817259879,
        "stop" : 1573817271545,
        "duration" : 11666
      }
    } ]
  },
  "f230d26bcd2b19749e4be11e8ab2aa46" : {
    "statistic" : {
      "failed" : 1,
      "broken" : 0,
      "skipped" : 0,
      "passed" : 0,
      "unknown" : 0,
      "total" : 1
    },
    "items" : [ {
      "uid" : "78cafe91163566e6",
      "status" : "failed",
      "statusDetails" : "FAIL: TI-28350 Help link and validate if new tab is openedTypeError: protractor_1.browser.getCurrnetWindow is not a function",
      "time" : {
        "start" : 1573817012442,
        "stop" : 1573817012446,
        "duration" : 4
      }
    } ]
  },
  "58691661b50f80d062cad2a1b33eba35" : {
    "statistic" : {
      "failed" : 0,
      "broken" : 0,
      "skipped" : 1,
      "passed" : 0,
      "unknown" : 0,
      "total" : 1
    },
    "items" : [ {
      "uid" : "cb352440d5c6e913",
      "status" : "skipped",
      "statusDetails" : "Test ignored",
      "time" : {
        "start" : 1573817033503,
        "stop" : 1573817033503,
        "duration" : 0
      }
    } ]
  },
  "abe701c35acee06d68cdfc536a98fa91" : {
    "statistic" : {
      "failed" : 1,
      "broken" : 0,
      "skipped" : 0,
      "passed" : 0,
      "unknown" : 0,
      "total" : 1
    },
    "items" : [ {
      "uid" : "5962e3837ae28614",
      "status" : "failed",
      "statusDetails" : "FAIL: TI-27963 Validating custom field between search screensError: Click is not successful on button Clearall WebDriverError: element click intercepted: Element <button _ngcontent-c26=\"\" class=\"but-xl but-link ps-button-1 mat-button mat-primary\" color=\"primary\" mat-button=\"\">...</button> is not clickable at point (923, 20). Other element would receive the click: <div _ngcontent-c20=\"\" class=\"mat-snackbar-block mat-snackbar-banner mat-snackbar-message\" fxlayout=\"row\" fxlayoutalign=\"space-between\" style=\"flex-direction: row; box-sizing: border-box; display: flex; place-content: stretch space-between; align-items: stretch;\">...</div>\n                  (Session info: chrome=78.0.3904.97)\n                Build info: version: '3.141.59', revision: 'e82be7d358', time: '2018-11-14T08:25:53'\n                System info: host: 'BLR-80JR5Z1-7D', ip: '10.30.249.29', os.name: 'Windows 7', os.arch: 'amd64', os.version: '6.1', java.version: '1.8.0_181'\n                Driver info: driver.version: unknown",
      "time" : {
        "start" : 1573819058773,
        "stop" : 1573819090737,
        "duration" : 31964
      }
    } ]
  },
  "4bdee176df3f8cb9cca653dc10e095e" : {
    "statistic" : {
      "failed" : 1,
      "broken" : 0,
      "skipped" : 0,
      "passed" : 0,
      "unknown" : 0,
      "total" : 1
    },
    "items" : [ {
      "uid" : "3c8f40da5a575ebb",
      "status" : "failed",
      "statusDetails" : "Fail:TI-28304  Validate default checked radio button is smart searchAssertionError: expected 'radio-xl home-radio-1 mat-radio-button mat-accent' to include 'checked'",
      "time" : {
        "start" : 1573816966651,
        "stop" : 1573816966720,
        "duration" : 69
      }
    } ]
  },
  "f11c407c8e8d449da996ec1f015e52d2" : {
    "statistic" : {
      "failed" : 0,
      "broken" : 1,
      "skipped" : 0,
      "passed" : 0,
      "unknown" : 0,
      "total" : 1
    },
    "items" : [ {
      "uid" : "7bb8b71846f6fe8d",
      "status" : "broken",
      "statusDetails" : "Timeout of 60000ms exceeded. For async tests and hooks, ensure \"done()\" is called; if returning a Promise, ensure it resolves. (C:\\Users\\UC227138\\Desktop\\DI_Protractor\\DI_Git\\13_NOV\\diprotractor-master@2ef453ad8b9\\dist\\test\\diSearchAndBrowse\\TI-35052.js)",
      "time" : {
        "start" : 1573818312866,
        "stop" : 1573818372962,
        "duration" : 60096
      }
    } ]
  },
  "a7b46d9536df1c771eb5b015ae9bfe8d" : {
    "statistic" : {
      "failed" : 1,
      "broken" : 0,
      "skipped" : 0,
      "passed" : 0,
      "unknown" : 0,
      "total" : 1
    },
    "items" : [ {
      "uid" : "427bb065cae4d3d0",
      "status" : "failed",
      "statusDetails" : "TI-27033 : login is not happend sucessfullyUnsupportedOperationError: sendKeysToActiveElement\n                Build info: version: '3.141.59', revision: 'e82be7d358', time: '2018-11-14T08:25:53'\n                System info: host: 'BLR-80JR5Z1-7D', ip: '10.30.249.29', os.name: 'Windows 7', os.arch: 'amd64', os.version: '6.1', java.version: '1.8.0_181'\n                Driver info: driver.version: unknown",
      "time" : {
        "start" : 1573816829493,
        "stop" : 1573816829493,
        "duration" : 0
      }
    } ]
  },
  "a100d932f6116c72207f4575cb694c5" : {
    "statistic" : {
      "failed" : 1,
      "broken" : 0,
      "skipped" : 0,
      "passed" : 0,
      "unknown" : 0,
      "total" : 1
    },
    "items" : [ {
      "uid" : "153632eeea1984ff",
      "status" : "failed",
      "statusDetails" : "Fail: TI_27034 validate Smart/Quick Search BarError: US123456789 is not entered on the QuickSearch textbox Error: unable to claear the text on  [object Object]NoSuchElementError: No element found using locator: By(xpath, //*[@role='textbox'])",
      "time" : {
        "start" : 1573816860929,
        "stop" : 1573816862580,
        "duration" : 1651
      }
    } ]
  },
  "ee04c1f3d60991fd8511283c4f097be1" : {
    "statistic" : {
      "failed" : 0,
      "broken" : 1,
      "skipped" : 0,
      "passed" : 0,
      "unknown" : 0,
      "total" : 1
    },
    "items" : [ {
      "uid" : "7a22b455fb504b41",
      "status" : "broken",
      "statusDetails" : "The \"url\" argument must be of type string. Received type undefined",
      "time" : {
        "start" : 1573816665507,
        "stop" : 1573816665559,
        "duration" : 52
      }
    } ]
  },
  "91d85bad3bb7a2fca0f80ce14d5a8a73" : {
    "statistic" : {
      "failed" : 0,
      "broken" : 1,
      "skipped" : 0,
      "passed" : 0,
      "unknown" : 0,
      "total" : 1
    },
    "items" : [ {
      "uid" : "ea0df10510d346e9",
      "status" : "broken",
      "statusDetails" : "Timeout of 60000ms exceeded. For async tests and hooks, ensure \"done()\" is called; if returning a Promise, ensure it resolves. (C:\\Users\\UC227138\\Desktop\\DI_Protractor\\DI_Git\\13_NOV\\diprotractor-master@2ef453ad8b9\\dist\\test\\diSearchAndBrowse\\TI-38458.js)",
      "time" : {
        "start" : 1573818980085,
        "stop" : 1573819040098,
        "duration" : 60013
      }
    } ]
  },
  "24ff00e282ea998ba3e5db42d59a7d5c" : {
    "statistic" : {
      "failed" : 1,
      "broken" : 0,
      "skipped" : 0,
      "passed" : 0,
      "unknown" : 0,
      "total" : 1
    },
    "items" : [ {
      "uid" : "d4d0162243031f1a",
      "status" : "failed",
      "statusDetails" : "ti-31481 login is not happend sucessfullyError: spochek111@i.ua is not entered on the EMAIL textbox Error: unable to claear the text on  [object Object]NoSuchElementError: No element found using locator: By(css selector, #tr-login-username)",
      "time" : {
        "start" : 1573819161081,
        "stop" : 1573819161081,
        "duration" : 0
      }
    } ]
  },
  "d0bd3b44d89adfecc1a1abdd6bed8de8" : {
    "statistic" : {
      "failed" : 1,
      "broken" : 0,
      "skipped" : 0,
      "passed" : 0,
      "unknown" : 0,
      "total" : 1
    },
    "items" : [ {
      "uid" : "dcc6aa0bba467d7d",
      "status" : "failed",
      "statusDetails" : "TI-27033 : login is not happend sucessfullyUnsupportedOperationError: sendKeysToActiveElement\n                Build info: version: '3.141.59', revision: 'e82be7d358', time: '2018-11-14T08:25:53'\n                System info: host: 'BLR-80JR5Z1-7D', ip: '10.30.249.29', os.name: 'Windows 7', os.arch: 'amd64', os.version: '6.1', java.version: '1.8.0_181'\n                Driver info: driver.version: unknown",
      "time" : {
        "start" : 1573816797931,
        "stop" : 1573816797931,
        "duration" : 0
      }
    } ]
  },
  "499af2e9c5a2725d4eabfcb3be880bb5" : {
    "statistic" : {
      "failed" : 1,
      "broken" : 0,
      "skipped" : 0,
      "passed" : 0,
      "unknown" : 0,
      "total" : 1
    },
    "items" : [ {
      "uid" : "81370b4424eff1f2",
      "status" : "failed",
      "statusDetails" : "Test case 4 failedAssertionError: expected { Object (browser_, then, ...) } to equal true",
      "time" : {
        "start" : 1573816584206,
        "stop" : 1573816584210,
        "duration" : 4
      }
    } ]
  },
  "11e22664c7c056707539ec15405e0873" : {
    "statistic" : {
      "failed" : 1,
      "broken" : 0,
      "skipped" : 0,
      "passed" : 0,
      "unknown" : 0,
      "total" : 1
    },
    "items" : [ {
      "uid" : "d5ba4ed66a670904",
      "status" : "failed",
      "statusDetails" : "Test case 3 failedAssertionError: expected { Object (browser_, then, ...) } to equal true",
      "time" : {
        "start" : 1573816581986,
        "stop" : 1573816584206,
        "duration" : 2220
      }
    } ]
  },
  "8ba30bcc6727b5d2d282ed333ac8e3d0" : {
    "statistic" : {
      "failed" : 0,
      "broken" : 1,
      "skipped" : 0,
      "passed" : 0,
      "unknown" : 0,
      "total" : 1
    },
    "items" : [ {
      "uid" : "bd4d3308b529a282",
      "status" : "broken",
      "statusDetails" : "Timeout of 60000ms exceeded. For async tests and hooks, ensure \"done()\" is called; if returning a Promise, ensure it resolves. (C:\\Users\\UC227138\\Desktop\\DI_Protractor\\DI_Git\\13_NOV\\diprotractor-master@2ef453ad8b9\\dist\\test\\diSearchAndBrowse\\TI-35287.js)",
      "time" : {
        "start" : 1573818648408,
        "stop" : 1573818708444,
        "duration" : 60036
      }
    } ]
  },
  "9dba46b2609272b9b07c15f3500391ac" : {
    "statistic" : {
      "failed" : 0,
      "broken" : 1,
      "skipped" : 0,
      "passed" : 0,
      "unknown" : 0,
      "total" : 1
    },
    "items" : [ {
      "uid" : "74e37c0ff7793109",
      "status" : "broken",
      "statusDetails" : "Timeout of 60000ms exceeded. For async tests and hooks, ensure \"done()\" is called; if returning a Promise, ensure it resolves. (C:\\Users\\UC227138\\Desktop\\DI_Protractor\\DI_Git\\13_NOV\\diprotractor-master@2ef453ad8b9\\dist\\test\\TI_sandy.js)",
      "time" : {
        "start" : 1573819369753,
        "stop" : 1573819429760,
        "duration" : 60007
      }
    } ]
  },
  "243cded28d5af7851e287cd4778108e8" : {
    "statistic" : {
      "failed" : 0,
      "broken" : 1,
      "skipped" : 0,
      "passed" : 0,
      "unknown" : 0,
      "total" : 1
    },
    "items" : [ {
      "uid" : "1e8f5da945b4b417",
      "status" : "broken",
      "statusDetails" : "Timeout of 60000ms exceeded. For async tests and hooks, ensure \"done()\" is called; if returning a Promise, ensure it resolves. (C:\\Users\\UC227138\\Desktop\\DI_Protractor\\DI_Git\\13_NOV\\diprotractor-master@2ef453ad8b9\\dist\\test\\diSearchAndBrowse\\TI-30288.js)",
      "time" : {
        "start" : 1573818088836,
        "stop" : 1573818174519,
        "duration" : 85683
      }
    } ]
  },
  "6071c62c636da0d33ca873ad71d2f40f" : {
    "statistic" : {
      "failed" : 1,
      "broken" : 0,
      "skipped" : 0,
      "passed" : 0,
      "unknown" : 0,
      "total" : 1
    },
    "items" : [ {
      "uid" : "802014defba2c0fe",
      "status" : "failed",
      "statusDetails" : "FAIL: TI-27528 Verify Add or remove search field row by using the `+/-` buttonsError: getAttribute is not working for elementBy(xpath, .//mat-button-toggle[contains(.,'FIELDED')])NoSuchElementError: No element found using locator: By(xpath, .//mat-button-toggle[contains(.,'FIELDED')])",
      "time" : {
        "start" : 1573817470968,
        "stop" : 1573817471523,
        "duration" : 555
      }
    } ]
  },
  "7654052855420bb710a52429603e439e" : {
    "statistic" : {
      "failed" : 1,
      "broken" : 0,
      "skipped" : 0,
      "passed" : 0,
      "unknown" : 0,
      "total" : 1
    },
    "items" : [ {
      "uid" : "befe8bfbbdab95e3",
      "status" : "failed",
      "statusDetails" : "FAIL: TI-28350 Ask a question link and validate if new tab is openedTypeError: protractor_1.browser.getCurrnetWindow is not a function",
      "time" : {
        "start" : 1573817012448,
        "stop" : 1573817012449,
        "duration" : 1
      }
    } ]
  },
  "b175b3bc979d1d59b872b1948c316512" : {
    "statistic" : {
      "failed" : 1,
      "broken" : 0,
      "skipped" : 0,
      "passed" : 0,
      "unknown" : 0,
      "total" : 1
    },
    "items" : [ {
      "uid" : "c1f384990b5920e3",
      "status" : "failed",
      "statusDetails" : "Fail:TI-28304 Validate place holder text in Quick Search text boxNoSuchElementError: No element found using locator: By(xpath, //*[@role='textbox'])",
      "time" : {
        "start" : 1573816966720,
        "stop" : 1573816967872,
        "duration" : 1152
      }
    } ]
  },
  "96d0c8fbf722be0af262699aafa81204" : {
    "statistic" : {
      "failed" : 0,
      "broken" : 0,
      "skipped" : 0,
      "passed" : 1,
      "unknown" : 0,
      "total" : 1
    },
    "items" : [ {
      "uid" : "4bf7f4f3a45d315d",
      "status" : "passed",
      "time" : {
        "start" : 1573817475220,
        "stop" : 1573817479088,
        "duration" : 3868
      }
    } ]
  },
  "223480340ad335633ce7caea994fd251" : {
    "statistic" : {
      "failed" : 1,
      "broken" : 0,
      "skipped" : 0,
      "passed" : 0,
      "unknown" : 0,
      "total" : 1
    },
    "items" : [ {
      "uid" : "3a5aeca2a24206bc",
      "status" : "failed",
      "statusDetails" : "TI-27030, TI-27031 login is not happend sucessfullyError: spochek111@i.ua is not entered on the EMAIL textbox Error: unable to claear the text on  [object Object]NoSuchElementError: No element found using locator: By(css selector, #tr-login-username)",
      "time" : {
        "start" : 1573816668793,
        "stop" : 1573816668793,
        "duration" : 0
      }
    } ]
  },
  "568b4eec9b557dd92589a0f18ae7e33f" : {
    "statistic" : {
      "failed" : 0,
      "broken" : 1,
      "skipped" : 0,
      "passed" : 0,
      "unknown" : 0,
      "total" : 1
    },
    "items" : [ {
      "uid" : "e0418a5540945c15",
      "status" : "broken",
      "statusDetails" : "Timeout of 60000ms exceeded. For async tests and hooks, ensure \"done()\" is called; if returning a Promise, ensure it resolves. (C:\\Users\\UC227138\\Desktop\\DI_Protractor\\DI_Git\\13_NOV\\diprotractor-master@2ef453ad8b9\\dist\\test\\diSearchAndBrowse\\TI-28114.js)",
      "time" : {
        "start" : 1573817728824,
        "stop" : 1573817788822,
        "duration" : 59998
      }
    } ]
  },
  "d974893ba2fd656c3899aa754e29e55d" : {
    "statistic" : {
      "failed" : 1,
      "broken" : 0,
      "skipped" : 0,
      "passed" : 0,
      "unknown" : 0,
      "total" : 1
    },
    "items" : [ {
      "uid" : "a6cd26c4772a93d4",
      "status" : "failed",
      "statusDetails" : "Test case 5 failedAssertionError: expected { Object (browser_, then, ...) } to equal true",
      "time" : {
        "start" : 1573816584210,
        "stop" : 1573816599157,
        "duration" : 14947
      }
    } ]
  },
  "354390461bcfa163ca1aa6878bcc873e" : {
    "statistic" : {
      "failed" : 1,
      "broken" : 0,
      "skipped" : 0,
      "passed" : 0,
      "unknown" : 0,
      "total" : 1
    },
    "items" : [ {
      "uid" : "6be2108a46ef8e7c",
      "status" : "failed",
      "statusDetails" : "TI-27032 : login is not happend sucessfullyUnsupportedOperationError: sendKeysToActiveElement\n                Build info: version: '3.141.59', revision: 'e82be7d358', time: '2018-11-14T08:25:53'\n                System info: host: 'BLR-80JR5Z1-7D', ip: '10.30.249.29', os.name: 'Windows 7', os.arch: 'amd64', os.version: '6.1', java.version: '1.8.0_181'\n                Driver info: driver.version: unknown",
      "time" : {
        "start" : 1573816763822,
        "stop" : 1573816763822,
        "duration" : 0
      }
    } ]
  },
  "309fe8201d59c8b78dcd2c9c3de65a07" : {
    "statistic" : {
      "failed" : 0,
      "broken" : 0,
      "skipped" : 1,
      "passed" : 0,
      "unknown" : 0,
      "total" : 1
    },
    "items" : [ {
      "uid" : "5de9d716cc6f38be",
      "status" : "skipped",
      "statusDetails" : "Test ignored",
      "time" : {
        "start" : 1573817012450,
        "stop" : 1573817012450,
        "duration" : 0
      }
    } ]
  },
  "d366229d7e93ced684b37cc3a1fd43dc" : {
    "statistic" : {
      "failed" : 1,
      "broken" : 0,
      "skipped" : 0,
      "passed" : 0,
      "unknown" : 0,
      "total" : 1
    },
    "items" : [ {
      "uid" : "337069cff09042b9",
      "status" : "failed",
      "statusDetails" : "TI-27076 login is not happend sucessfullyUnsupportedOperationError: sendKeysToActiveElement\n                Build info: version: '3.141.59', revision: 'e82be7d358', time: '2018-11-14T08:25:53'\n                System info: host: 'BLR-80JR5Z1-7D', ip: '10.30.249.29', os.name: 'Windows 7', os.arch: 'amd64', os.version: '6.1', java.version: '1.8.0_181'\n                Driver info: driver.version: unknown",
      "time" : {
        "start" : 1573817324602,
        "stop" : 1573817324602,
        "duration" : 0
      }
    } ]
  },
  "97d8b59d540fab5598b01dfd054801af" : {
    "statistic" : {
      "failed" : 1,
      "broken" : 0,
      "skipped" : 0,
      "passed" : 0,
      "unknown" : 0,
      "total" : 1
    },
    "items" : [ {
      "uid" : "d617118928f39b76",
      "status" : "failed",
      "statusDetails" : "TI-27056 and TI-31580 --- Validating Home Page Popular search links displaying in new windowAssertionError: expected 'https://clarivate.com/download/research-patents-specific-technology-domain/' to include 'di_bfs_class_search_en.pdf'",
      "time" : {
        "start" : 1573816913943,
        "stop" : 1573816945869,
        "duration" : 31926
      }
    } ]
  },
  "e1b13eac8995f5bc13a9634e6a4cfe70" : {
    "statistic" : {
      "failed" : 0,
      "broken" : 0,
      "skipped" : 1,
      "passed" : 0,
      "unknown" : 0,
      "total" : 1
    },
    "items" : [ {
      "uid" : "369d78f281c1c22d",
      "status" : "skipped",
      "statusDetails" : "Test ignored",
      "time" : {
        "start" : 1573816989887,
        "stop" : 1573816989887,
        "duration" : 0
      }
    } ]
  },
  "b3b6fdc60b876543900b2d6f4b8088b1" : {
    "statistic" : {
      "failed" : 1,
      "broken" : 0,
      "skipped" : 0,
      "passed" : 0,
      "unknown" : 0,
      "total" : 1
    },
    "items" : [ {
      "uid" : "9a5e83557fbc68e1",
      "status" : "failed",
      "statusDetails" : "FAIL: TI-27528 Toggle between FIELDED and EXPERT search formsError: getAttribute is not working for elementBy(xpath, .//mat-button-toggle[contains(.,'FIELDED')])NoSuchElementError: No element found using locator: By(xpath, .//mat-button-toggle[contains(.,'FIELDED')])",
      "time" : {
        "start" : 1573817470445,
        "stop" : 1573817470968,
        "duration" : 523
      }
    } ]
  },
  "1f003b1b8b0f4ff6f22698e8140de914" : {
    "statistic" : {
      "failed" : 0,
      "broken" : 1,
      "skipped" : 0,
      "passed" : 0,
      "unknown" : 0,
      "total" : 1
    },
    "items" : [ {
      "uid" : "dcac409abce017f4",
      "status" : "broken",
      "statusDetails" : "Timeout of 60000ms exceeded. For async tests and hooks, ensure \"done()\" is called; if returning a Promise, ensure it resolves. (C:\\Users\\UC227138\\Desktop\\DI_Protractor\\DI_Git\\13_NOV\\diprotractor-master@2ef453ad8b9\\dist\\test\\diGeneral\\TI-36233.js)",
      "time" : {
        "start" : 1573816490727,
        "stop" : 1573816550721,
        "duration" : 59994
      }
    } ]
  },
  "4e12d42686e13e436ef759d4131184f" : {
    "statistic" : {
      "failed" : 0,
      "broken" : 0,
      "skipped" : 0,
      "passed" : 1,
      "unknown" : 0,
      "total" : 1
    },
    "items" : [ {
      "uid" : "710920f9bf2952d6",
      "status" : "passed",
      "time" : {
        "start" : 1573819113600,
        "stop" : 1573819153460,
        "duration" : 39860
      }
    } ]
  },
  "baccce908da95786dfc9fd5d929a2876" : {
    "statistic" : {
      "failed" : 1,
      "broken" : 0,
      "skipped" : 0,
      "passed" : 0,
      "unknown" : 0,
      "total" : 1
    },
    "items" : [ {
      "uid" : "6b7c9dd50cfbdef6",
      "status" : "failed",
      "statusDetails" : "TI-27054,TI-28344,TI-31488 : login is not happend sucessfullyUnsupportedOperationError: sendKeysToActiveElement\n                Build info: version: '3.141.59', revision: 'e82be7d358', time: '2018-11-14T08:25:53'\n                System info: host: 'BLR-80JR5Z1-7D', ip: '10.30.249.29', os.name: 'Windows 7', os.arch: 'amd64', os.version: '6.1', java.version: '1.8.0_181'\n                Driver info: driver.version: unknown",
      "time" : {
        "start" : 1573816882548,
        "stop" : 1573816882548,
        "duration" : 0
      }
    } ]
  },
  "80401b4a169a55ffabe1a7bfe337247d" : {
    "statistic" : {
      "failed" : 0,
      "broken" : 0,
      "skipped" : 1,
      "passed" : 0,
      "unknown" : 0,
      "total" : 1
    },
    "items" : [ {
      "uid" : "4aff6485e2e4dcdf",
      "status" : "skipped",
      "statusDetails" : "Test ignored",
      "time" : {
        "start" : 1573816289694,
        "stop" : 1573816289694,
        "duration" : 0
      }
    } ]
  },
  "cc2c0edb3e52eaedae25510ff8ed367b" : {
    "statistic" : {
      "failed" : 0,
      "broken" : 1,
      "skipped" : 0,
      "passed" : 0,
      "unknown" : 0,
      "total" : 1
    },
    "items" : [ {
      "uid" : "7b4cbedc150d46e0",
      "status" : "broken",
      "statusDetails" : "Timeout of 60000ms exceeded. For async tests and hooks, ensure \"done()\" is called; if returning a Promise, ensure it resolves. (C:\\Users\\UC227138\\Desktop\\DI_Protractor\\DI_Git\\13_NOV\\diprotractor-master@2ef453ad8b9\\dist\\test\\diHome\\TI-35661.js)",
      "time" : {
        "start" : 1573817178761,
        "stop" : 1573817238761,
        "duration" : 60000
      }
    } ]
  },
  "5e17987a1d4a89aebbbe9bdb90b3afb6" : {
    "statistic" : {
      "failed" : 0,
      "broken" : 0,
      "skipped" : 0,
      "passed" : 1,
      "unknown" : 0,
      "total" : 1
    },
    "items" : [ {
      "uid" : "5428ab637b1050fd",
      "status" : "passed",
      "time" : {
        "start" : 1573817515896,
        "stop" : 1573817528179,
        "duration" : 12283
      }
    } ]
  },
  "e3632627af8406ca9af19cf3b08e07ce" : {
    "statistic" : {
      "failed" : 0,
      "broken" : 0,
      "skipped" : 0,
      "passed" : 1,
      "unknown" : 0,
      "total" : 1
    },
    "items" : [ {
      "uid" : "28434d6092263271",
      "status" : "passed",
      "time" : {
        "start" : 1573818436832,
        "stop" : 1573818445065,
        "duration" : 8233
      }
    } ]
  },
  "9e0f90e9978ab6ff6f9e6887eb8a328b" : {
    "statistic" : {
      "failed" : 1,
      "broken" : 0,
      "skipped" : 0,
      "passed" : 0,
      "unknown" : 0,
      "total" : 1
    },
    "items" : [ {
      "uid" : "e82ad17ca47f94cf",
      "status" : "failed",
      "statusDetails" : "Fail : TI-31491-27064 logout is not happend sucessfullyNoSuchElementError: No element found using locator: By(xpath, .//span[contains(text(),'Welcome')]/../..)",
      "time" : {
        "start" : 1573817174119,
        "stop" : 1573817175346,
        "duration" : 1227
      }
    } ]
  },
  "694be3b636f62ebf073aa824cfc6992" : {
    "statistic" : {
      "failed" : 0,
      "broken" : 0,
      "skipped" : 0,
      "passed" : 1,
      "unknown" : 0,
      "total" : 1
    },
    "items" : [ {
      "uid" : "76441a7b9b7be317",
      "status" : "passed",
      "time" : {
        "start" : 1573816599157,
        "stop" : 1573816614226,
        "duration" : 15069
      }
    } ]
  },
  "2e22cafa368a4a72affef363e77162f3" : {
    "statistic" : {
      "failed" : 1,
      "broken" : 0,
      "skipped" : 0,
      "passed" : 0,
      "unknown" : 0,
      "total" : 1
    },
    "items" : [ {
      "uid" : "640240a6df45164",
      "status" : "failed",
      "statusDetails" : "FAIL: TI-28350 Contact Us link and validate if new tab is openedTypeError: protractor_1.browser.getCurrnetWindow is not a function",
      "time" : {
        "start" : 1573817012449,
        "stop" : 1573817012450,
        "duration" : 1
      }
    } ]
  },
  "42718cce386d6bdc1a58e71ab5e3c2ba" : {
    "statistic" : {
      "failed" : 0,
      "broken" : 1,
      "skipped" : 0,
      "passed" : 0,
      "unknown" : 0,
      "total" : 1
    },
    "items" : [ {
      "uid" : "8e47258476064fc2",
      "status" : "broken",
      "statusDetails" : "Timeout of 60000ms exceeded. For async tests and hooks, ensure \"done()\" is called; if returning a Promise, ensure it resolves. (C:\\Users\\UC227138\\Desktop\\DI_Protractor\\DI_Git\\13_NOV\\diprotractor-master@2ef453ad8b9\\dist\\test\\diSearchAndBrowse\\TI-28142.js)",
      "time" : {
        "start" : 1573817848827,
        "stop" : 1573817908826,
        "duration" : 59999
      }
    } ]
  },
  "1cb6bb416266826c443b63aca041f137" : {
    "statistic" : {
      "failed" : 1,
      "broken" : 0,
      "skipped" : 0,
      "passed" : 0,
      "unknown" : 0,
      "total" : 1
    },
    "items" : [ {
      "uid" : "865f12440224f10c",
      "status" : "failed",
      "statusDetails" : "TI-27030 : login is not happend sucessfullyUnsupportedOperationError: sendKeysToActiveElement\n                Build info: version: '3.141.59', revision: 'e82be7d358', time: '2018-11-14T08:25:53'\n                System info: host: 'BLR-80JR5Z1-7D', ip: '10.30.249.29', os.name: 'Windows 7', os.arch: 'amd64', os.version: '6.1', java.version: '1.8.0_181'\n                Driver info: driver.version: unknown",
      "time" : {
        "start" : 1573816700363,
        "stop" : 1573816700363,
        "duration" : 0
      }
    } ]
  },
  "8887c5a4dc6d29cb40028a6997228b5a" : {
    "statistic" : {
      "failed" : 1,
      "broken" : 0,
      "skipped" : 0,
      "passed" : 0,
      "unknown" : 0,
      "total" : 1
    },
    "items" : [ {
      "uid" : "bfb9084bcd9db61f",
      "status" : "failed",
      "statusDetails" : "Test case 2 failedAssertionError: expected { Object (browser_, then, ...) } to equal true",
      "time" : {
        "start" : 1573816579779,
        "stop" : 1573816581986,
        "duration" : 2207
      }
    } ]
  },
  "808b39120d06cf0bd625d80e6f4eb877" : {
    "statistic" : {
      "failed" : 1,
      "broken" : 0,
      "skipped" : 0,
      "passed" : 0,
      "unknown" : 0,
      "total" : 1
    },
    "items" : [ {
      "uid" : "d32147cd9f6f1b95",
      "status" : "failed",
      "statusDetails" : "FAIL: TI-28350 ViewTrainingCourses link and validate if new tab is openedTypeError: protractor_1.browser.getCurrnetWindow is not a function",
      "time" : {
        "start" : 1573817012446,
        "stop" : 1573817012448,
        "duration" : 2
      }
    } ]
  },
  "69d90d3dd51f3c098f3f85138e66c2f" : {
    "statistic" : {
      "failed" : 0,
      "broken" : 0,
      "skipped" : 0,
      "passed" : 1,
      "unknown" : 0,
      "total" : 1
    },
    "items" : [ {
      "uid" : "d173a7f3f194c4ef",
      "status" : "passed",
      "time" : {
        "start" : 1573817479088,
        "stop" : 1573817482827,
        "duration" : 3739
      }
    } ]
  },
  "872fc1004aebf96764b473104ef90e55" : {
    "statistic" : {
      "failed" : 1,
      "broken" : 0,
      "skipped" : 0,
      "passed" : 0,
      "unknown" : 0,
      "total" : 1
    },
    "items" : [ {
      "uid" : "4e85ef1ef2a8819e",
      "status" : "failed",
      "statusDetails" : "Fail: TI-28349 Validate expert patent translation menu item in IP Services menuTypeError: protractor_1.browser.getCurrnetWindow is not a function",
      "time" : {
        "start" : 1573816989888,
        "stop" : 1573816989900,
        "duration" : 12
      }
    } ]
  },
  "51676bf0883ef5011848d994b1e30d85" : {
    "statistic" : {
      "failed" : 0,
      "broken" : 0,
      "skipped" : 0,
      "passed" : 1,
      "unknown" : 0,
      "total" : 1
    },
    "items" : [ {
      "uid" : "66cf4cc642bcc94d",
      "status" : "passed",
      "time" : {
        "start" : 1573817485561,
        "stop" : 1573817491688,
        "duration" : 6127
      }
    } ]
  },
  "70578d45b569ca334e2e1e1f8aa2d31b" : {
    "statistic" : {
      "failed" : 0,
      "broken" : 0,
      "skipped" : 1,
      "passed" : 0,
      "unknown" : 0,
      "total" : 1
    },
    "items" : [ {
      "uid" : "ea34f32666d6f1d0",
      "status" : "skipped",
      "statusDetails" : "Test ignored",
      "time" : {
        "start" : 1573817114115,
        "stop" : 1573817114115,
        "duration" : 0
      }
    } ]
  },
  "487322057abca66dbbb3d7ce6aedb135" : {
    "statistic" : {
      "failed" : 0,
      "broken" : 1,
      "skipped" : 0,
      "passed" : 0,
      "unknown" : 0,
      "total" : 1
    },
    "items" : [ {
      "uid" : "cab7f62492f57922",
      "status" : "broken",
      "statusDetails" : "Timeout of 60000ms exceeded. For async tests and hooks, ensure \"done()\" is called; if returning a Promise, ensure it resolves. (C:\\Users\\UC227138\\Desktop\\DI_Protractor\\DI_Git\\13_NOV\\diprotractor-master@2ef453ad8b9\\dist\\test\\diSearchAndBrowse\\TI-28253.js)",
      "time" : {
        "start" : 1573817968831,
        "stop" : 1573818028831,
        "duration" : 60000
      }
    } ]
  },
  "3653041c8beb90e0418775d2393f761d" : {
    "statistic" : {
      "failed" : 0,
      "broken" : 0,
      "skipped" : 0,
      "passed" : 1,
      "unknown" : 0,
      "total" : 1
    },
    "items" : [ {
      "uid" : "158e7a5d1dbee9b6",
      "status" : "passed",
      "time" : {
        "start" : 1573818408874,
        "stop" : 1573818415790,
        "duration" : 6916
      }
    } ]
  },
  "13c1a4f0febefe94d8bfc6ae6018d357" : {
    "statistic" : {
      "failed" : 0,
      "broken" : 1,
      "skipped" : 0,
      "passed" : 0,
      "unknown" : 0,
      "total" : 1
    },
    "items" : [ {
      "uid" : "f119e86aa3cdd067",
      "status" : "broken",
      "statusDetails" : "Timeout of 60000ms exceeded. For async tests and hooks, ensure \"done()\" is called; if returning a Promise, ensure it resolves. (C:\\Users\\UC227138\\Desktop\\DI_Protractor\\DI_Git\\13_NOV\\diprotractor-master@2ef453ad8b9\\dist\\test\\diSearchAndBrowse\\TI-34533.js)",
      "time" : {
        "start" : 1573818240102,
        "stop" : 1573818300198,
        "duration" : 60096
      }
    } ]
  },
  "60b7a323f7a96d4adaa17644bd100937" : {
    "statistic" : {
      "failed" : 0,
      "broken" : 1,
      "skipped" : 0,
      "passed" : 0,
      "unknown" : 0,
      "total" : 1
    },
    "items" : [ {
      "uid" : "99cf9aadd9d27019",
      "status" : "broken",
      "statusDetails" : "Timeout of 60000ms exceeded. For async tests and hooks, ensure \"done()\" is called; if returning a Promise, ensure it resolves. (C:\\Users\\UC227138\\Desktop\\DI_Protractor\\DI_Git\\13_NOV\\diprotractor-master@2ef453ad8b9\\dist\\test\\diSearchAndBrowse\\TI-36731.js)",
      "time" : {
        "start" : 1573818860060,
        "stop" : 1573818920071,
        "duration" : 60011
      }
    } ]
  },
  "99372c4ba8c0f43463e30ee6bf7443e0" : {
    "statistic" : {
      "failed" : 0,
      "broken" : 1,
      "skipped" : 0,
      "passed" : 0,
      "unknown" : 0,
      "total" : 1
    },
    "items" : [ {
      "uid" : "20ff9657a565c91e",
      "status" : "broken",
      "statusDetails" : "Timeout of 60000ms exceeded. For async tests and hooks, ensure \"done()\" is called; if returning a Promise, ensure it resolves. (C:\\Users\\UC227138\\Desktop\\DI_Protractor\\DI_Git\\13_NOV\\diprotractor-master@2ef453ad8b9\\dist\\test\\savedWork\\TI-35791.js)",
      "time" : {
        "start" : 1573819306338,
        "stop" : 1573819366343,
        "duration" : 60005
      }
    } ]
  },
  "139ffd0c2006fd549f4a27ae01265023" : {
    "statistic" : {
      "failed" : 0,
      "broken" : 0,
      "skipped" : 1,
      "passed" : 0,
      "unknown" : 0,
      "total" : 1
    },
    "items" : [ {
      "uid" : "8dfd0059f79a6dd",
      "status" : "skipped",
      "statusDetails" : "Test ignored",
      "time" : {
        "start" : 1573817528179,
        "stop" : 1573817528179,
        "duration" : 0
      }
    } ]
  },
  "68f71d1ed26881cd170bfa508f1dac77" : {
    "statistic" : {
      "failed" : 1,
      "broken" : 0,
      "skipped" : 0,
      "passed" : 0,
      "unknown" : 0,
      "total" : 1
    },
    "items" : [ {
      "uid" : "2ba407ed291af446",
      "status" : "failed",
      "statusDetails" : "TI-27381 Logout is not happend sucessfullyNoSuchElementError: No element found using locator: By(xpath, .//span[contains(text(),'Welcome')]/../..)",
      "time" : {
        "start" : 1573817445416,
        "stop" : 1573817445426,
        "duration" : 10
      }
    } ]
  },
  "4eba90bc5677b4a375faeb6d110f80fa" : {
    "statistic" : {
      "failed" : 0,
      "broken" : 0,
      "skipped" : 0,
      "passed" : 1,
      "unknown" : 0,
      "total" : 1
    },
    "items" : [ {
      "uid" : "c90c68cd01c202fb",
      "status" : "passed",
      "time" : {
        "start" : 1573818731084,
        "stop" : 1573818732086,
        "duration" : 1002
      }
    } ]
  },
  "c1619a4941fe6d8898f7d1b4b3d5d522" : {
    "statistic" : {
      "failed" : 1,
      "broken" : 0,
      "skipped" : 0,
      "passed" : 0,
      "unknown" : 0,
      "total" : 1
    },
    "items" : [ {
      "uid" : "a829afbdf0e07b6c",
      "status" : "failed",
      "statusDetails" : "FAIL: TI-27528 Verify the `Revert` button in the search formNoSuchElementError: No element found using locator: By(xpath, //span[text()=' Revert ']/..)",
      "time" : {
        "start" : 1573817482827,
        "stop" : 1573817483078,
        "duration" : 251
      }
    } ]
  },
  "d3ac4722b79dbad57f4a1e6195f68a67" : {
    "statistic" : {
      "failed" : 0,
      "broken" : 1,
      "skipped" : 0,
      "passed" : 0,
      "unknown" : 0,
      "total" : 1
    },
    "items" : [ {
      "uid" : "f1545a836ea4b03",
      "status" : "broken",
      "statusDetails" : "Timeout of 60000ms exceeded. For async tests and hooks, ensure \"done()\" is called; if returning a Promise, ensure it resolves. (C:\\Users\\UC227138\\Desktop\\DI_Protractor\\DI_Git\\13_NOV\\diprotractor-master@2ef453ad8b9\\dist\\test\\diSearchAndBrowse\\TI-35792.js)",
      "time" : {
        "start" : 1573818754845,
        "stop" : 1573818814882,
        "duration" : 60037
      }
    } ]
  },
  "c5e5c4a186814324f500fb0ce9fa2d1" : {
    "statistic" : {
      "failed" : 0,
      "broken" : 0,
      "skipped" : 0,
      "passed" : 1,
      "unknown" : 0,
      "total" : 1
    },
    "items" : [ {
      "uid" : "3f2489a92e2c4031",
      "status" : "passed",
      "time" : {
        "start" : 1573816311139,
        "stop" : 1573816346716,
        "duration" : 35577
      }
    } ]
  },
  "7ce5374e23fde47249158c35061bf5eb" : {
    "statistic" : {
      "failed" : 1,
      "broken" : 0,
      "skipped" : 0,
      "passed" : 0,
      "unknown" : 0,
      "total" : 1
    },
    "items" : [ {
      "uid" : "b9956eefddb1ff07",
      "status" : "failed",
      "statusDetails" : "FAIL: TI-27528 Verify the three option buttons will enable in the search formNoSuchElementError: No element found using locator: By(xpath, //div[@class='content-footer-buttons']//span[text()=' Clear all ']/..)",
      "time" : {
        "start" : 1573817483078,
        "stop" : 1573817485561,
        "duration" : 2483
      }
    } ]
  },
  "eed26b737ca309c593193d72ed663296" : {
    "statistic" : {
      "failed" : 1,
      "broken" : 0,
      "skipped" : 0,
      "passed" : 0,
      "unknown" : 0,
      "total" : 1
    },
    "items" : [ {
      "uid" : "153e8ba617c466b8",
      "status" : "failed",
      "statusDetails" : "TI-27091 Validating Check SyntaxJavascriptError: javascript error: Cannot read property 'setValue' of undefined\n                  (Session info: chrome=78.0.3904.97)\n                Build info: version: '3.141.59', revision: 'e82be7d358', time: '2018-11-14T08:25:53'\n                System info: host: 'BLR-80JR5Z1-7D', ip: '10.30.249.29', os.name: 'Windows 7', os.arch: 'amd64', os.version: '6.1', java.version: '1.8.0_181'\n                Driver info: driver.version: unknown",
      "time" : {
        "start" : 1573817356990,
        "stop" : 1573817359919,
        "duration" : 2929
      }
    } ]
  },
  "7f193d86447ae7121b7a0fe6a2a802df" : {
    "statistic" : {
      "failed" : 0,
      "broken" : 1,
      "skipped" : 0,
      "passed" : 0,
      "unknown" : 0,
      "total" : 1
    },
    "items" : [ {
      "uid" : "723d317244176bc7",
      "status" : "broken",
      "statusDetails" : "Timeout of 60000ms exceeded. For async tests and hooks, ensure \"done()\" is called; if returning a Promise, ensure it resolves. (C:\\Users\\UC227138\\Desktop\\DI_Protractor\\DI_Git\\13_NOV\\diprotractor-master@2ef453ad8b9\\dist\\test\\diSearchAndBrowse\\TI-35248.js)",
      "time" : {
        "start" : 1573818505160,
        "stop" : 1573818565219,
        "duration" : 60059
      }
    } ]
  },
  "3bb33d6c7f5172194f16aad447ff9bbf" : {
    "statistic" : {
      "failed" : 1,
      "broken" : 0,
      "skipped" : 0,
      "passed" : 0,
      "unknown" : 0,
      "total" : 1
    },
    "items" : [ {
      "uid" : "346cced8d28cb0b",
      "status" : "failed",
      "statusDetails" : "TI-34567 login is not happend sucessfullyError: spochek111@i.ua is not entered on the EMAIL textbox Error: unable to claear the text on  [object Object]NoSuchElementError: No element found using locator: By(css selector, #tr-login-username)",
      "time" : {
        "start" : 1573818303791,
        "stop" : 1573818303791,
        "duration" : 0
      }
    } ]
  },
  "3cb6da2931aa243210be442f43c66521" : {
    "statistic" : {
      "failed" : 1,
      "broken" : 0,
      "skipped" : 0,
      "passed" : 0,
      "unknown" : 0,
      "total" : 1
    },
    "items" : [ {
      "uid" : "f21dc2bf87a91cf6",
      "status" : "failed",
      "statusDetails" : "TI-27072 login is not happend sucessfullyUnsupportedOperationError: sendKeysToActiveElement\n                Build info: version: '3.141.59', revision: 'e82be7d358', time: '2018-11-14T08:25:53'\n                System info: host: 'BLR-80JR5Z1-7D', ip: '10.30.249.29', os.name: 'Windows 7', os.arch: 'amd64', os.version: '6.1', java.version: '1.8.0_181'\n                Driver info: driver.version: unknown",
      "time" : {
        "start" : 1573817292202,
        "stop" : 1573817292202,
        "duration" : 0
      }
    } ]
  },
  "81aa6111f6024c37f89c66d84cc98c7d" : {
    "statistic" : {
      "failed" : 0,
      "broken" : 1,
      "skipped" : 0,
      "passed" : 0,
      "unknown" : 0,
      "total" : 1
    },
    "items" : [ {
      "uid" : "daeb6c3c1dc80167",
      "status" : "broken",
      "statusDetails" : "Timeout of 60000ms exceeded. For async tests and hooks, ensure \"done()\" is called; if returning a Promise, ensure it resolves. (C:\\Users\\UC227138\\Desktop\\DI_Protractor\\DI_Git\\13_NOV\\diprotractor-master@2ef453ad8b9\\dist\\test\\diSearchAndBrowse\\TI-35248.js)",
      "time" : {
        "start" : 1573818445065,
        "stop" : 1573818505160,
        "duration" : 60095
      }
    } ]
  },
  "eff068a48821802e2858f1fd451c427a" : {
    "statistic" : {
      "failed" : 0,
      "broken" : 0,
      "skipped" : 0,
      "passed" : 1,
      "unknown" : 0,
      "total" : 1
    },
    "items" : [ {
      "uid" : "7f950f75131a0efb",
      "status" : "passed",
      "time" : {
        "start" : 1573818391193,
        "stop" : 1573818408874,
        "duration" : 17681
      }
    } ]
  },
  "4a45c28d531a172812fd1713c5eb3197" : {
    "statistic" : {
      "failed" : 1,
      "broken" : 0,
      "skipped" : 0,
      "passed" : 0,
      "unknown" : 0,
      "total" : 1
    },
    "items" : [ {
      "uid" : "c1cdc0f28b47ff62",
      "status" : "failed",
      "statusDetails" : "\n                Error 1: 0both are not equal\n                ",
      "time" : {
        "start" : 1573818732086,
        "stop" : 1573818734142,
        "duration" : 2056
      }
    } ]
  },
  "f4beb79c1f696dec1212c4e5581296e6" : {
    "statistic" : {
      "failed" : 1,
      "broken" : 0,
      "skipped" : 0,
      "passed" : 0,
      "unknown" : 0,
      "total" : 1
    },
    "items" : [ {
      "uid" : "d404377b3bab4390",
      "status" : "failed",
      "statusDetails" : "TI-27031 : login is not happend sucessfullyUnsupportedOperationError: sendKeysToActiveElement\n                Build info: version: '3.141.59', revision: 'e82be7d358', time: '2018-11-14T08:25:53'\n                System info: host: 'BLR-80JR5Z1-7D', ip: '10.30.249.29', os.name: 'Windows 7', os.arch: 'amd64', os.version: '6.1', java.version: '1.8.0_181'\n                Driver info: driver.version: unknown",
      "time" : {
        "start" : 1573816732147,
        "stop" : 1573816732147,
        "duration" : 0
      }
    } ]
  }
}